[0.010s] Invoking command in '/ros_ws/build/robot_bringup': CMAKE_PREFIX_PATH=${CMAKE_PREFIX_PATH}:/ros_ws/install/robot_control:/opt/ros/humble /usr/bin/cmake /ros_ws/src/robot_bringup -DCMAKE_INSTALL_PREFIX=/ros_ws/install/robot_bringup
[0.164s] -- The C compiler identification is GNU 11.4.0
[0.164s] -- The CXX compiler identification is GNU 11.4.0
[0.164s] -- Detecting C compiler ABI info
[0.164s] -- Detecting C compiler ABI info - done
[0.164s] -- Check for working C compiler: /usr/bin/cc - skipped
[0.165s] -- Detecting C compile features
[0.165s] -- Detecting C compile features - done
[0.165s] -- Detecting CXX compiler ABI info
[0.181s] -- Detecting CXX compiler ABI info - done
[0.185s] -- Check for working CXX compiler: /usr/bin/c++ - skipped
[0.185s] -- Detecting CXX compile features
[0.185s] -- Detecting CXX compile features - done
[0.188s] -- Found ament_cmake: 1.3.9 (/opt/ros/humble/share/ament_cmake/cmake)
[0.291s] -- Found Python3: /usr/bin/python3 (found version "3.10.12") found components: Interpreter 
[0.349s] -- Found ament_lint_auto: 0.12.11 (/opt/ros/humble/share/ament_lint_auto/cmake)
[0.401s] -- Added test 'lint_cmake' to check CMake code style
[0.401s] -- Added test 'xmllint' to check XML markup files
[0.402s] -- Configuring done
[0.404s] -- Generating done
[0.404s] -- Build files have been written to: /ros_ws/build/robot_bringup
[0.407s] Invoked command in '/ros_ws/build/robot_bringup' returned '0': CMAKE_PREFIX_PATH=${CMAKE_PREFIX_PATH}:/ros_ws/install/robot_control:/opt/ros/humble /usr/bin/cmake /ros_ws/src/robot_bringup -DCMAKE_INSTALL_PREFIX=/ros_ws/install/robot_bringup
[0.408s] Invoking command in '/ros_ws/build/robot_bringup': CMAKE_PREFIX_PATH=${CMAKE_PREFIX_PATH}:/ros_ws/install/robot_control:/opt/ros/humble /usr/bin/cmake --build /ros_ws/build/robot_bringup -- -j20 -l20
[0.431s] Invoked command in '/ros_ws/build/robot_bringup' returned '0': CMAKE_PREFIX_PATH=${CMAKE_PREFIX_PATH}:/ros_ws/install/robot_control:/opt/ros/humble /usr/bin/cmake --build /ros_ws/build/robot_bringup -- -j20 -l20
[0.451s] Invoking command in '/ros_ws/build/robot_bringup': CMAKE_PREFIX_PATH=${CMAKE_PREFIX_PATH}:/ros_ws/install/robot_control:/opt/ros/humble /usr/bin/cmake --install /ros_ws/build/robot_bringup
[0.456s] -- Install configuration: ""
[0.457s] -- Installing: /ros_ws/install/robot_bringup/share/ament_index/resource_index/package_run_dependencies/robot_bringup
[0.457s] -- Installing: /ros_ws/install/robot_bringup/share/ament_index/resource_index/parent_prefix_path/robot_bringup
[0.457s] -- Installing: /ros_ws/install/robot_bringup/share/robot_bringup/environment/ament_prefix_path.sh
[0.457s] -- Installing: /ros_ws/install/robot_bringup/share/robot_bringup/environment/ament_prefix_path.dsv
[0.457s] -- Installing: /ros_ws/install/robot_bringup/share/robot_bringup/environment/path.sh
[0.457s] -- Installing: /ros_ws/install/robot_bringup/share/robot_bringup/environment/path.dsv
[0.457s] -- Installing: /ros_ws/install/robot_bringup/share/robot_bringup/local_setup.bash
[0.457s] -- Installing: /ros_ws/install/robot_bringup/share/robot_bringup/local_setup.sh
[0.457s] -- Installing: /ros_ws/install/robot_bringup/share/robot_bringup/local_setup.zsh
[0.457s] -- Installing: /ros_ws/install/robot_bringup/share/robot_bringup/local_setup.dsv
[0.457s] -- Installing: /ros_ws/install/robot_bringup/share/robot_bringup/package.dsv
[0.458s] -- Installing: /ros_ws/install/robot_bringup/share/ament_index/resource_index/packages/robot_bringup
[0.458s] -- Installing: /ros_ws/install/robot_bringup/share/robot_bringup/cmake/robot_bringupConfig.cmake
[0.458s] -- Installing: /ros_ws/install/robot_bringup/share/robot_bringup/cmake/robot_bringupConfig-version.cmake
[0.458s] -- Installing: /ros_ws/install/robot_bringup/share/robot_bringup/package.xml
[0.459s] Invoked command in '/ros_ws/build/robot_bringup' returned '0': CMAKE_PREFIX_PATH=${CMAKE_PREFIX_PATH}:/ros_ws/install/robot_control:/opt/ros/humble /usr/bin/cmake --install /ros_ws/build/robot_bringup
