[0.007s] Invoking command in '/ros_ws/build/robot_bringup': CMAKE_PREFIX_PATH=${CMAKE_PREFIX_PATH}:/opt/ros/humble /usr/bin/cmake --build /ros_ws/build/robot_bringup -- -j20 -l20
[0.029s] Invoked command in '/ros_ws/build/robot_bringup' returned '0': CMAKE_PREFIX_PATH=${CMAKE_PREFIX_PATH}:/opt/ros/humble /usr/bin/cmake --build /ros_ws/build/robot_bringup -- -j20 -l20
[0.046s] Invoking command in '/ros_ws/build/robot_bringup': CMAKE_PREFIX_PATH=${CMAKE_PREFIX_PATH}:/opt/ros/humble /usr/bin/cmake --install /ros_ws/build/robot_bringup
[0.051s] -- Install configuration: ""
[0.051s] -- Up-to-date: /ros_ws/install/robot_bringup/share/ament_index/resource_index/package_run_dependencies/robot_bringup
[0.051s] -- Up-to-date: /ros_ws/install/robot_bringup/share/ament_index/resource_index/parent_prefix_path/robot_bringup
[0.051s] -- Up-to-date: /ros_ws/install/robot_bringup/share/robot_bringup/environment/ament_prefix_path.sh
[0.051s] -- Up-to-date: /ros_ws/install/robot_bringup/share/robot_bringup/environment/ament_prefix_path.dsv
[0.051s] -- Up-to-date: /ros_ws/install/robot_bringup/share/robot_bringup/environment/path.sh
[0.051s] -- Up-to-date: /ros_ws/install/robot_bringup/share/robot_bringup/environment/path.dsv
[0.051s] -- Up-to-date: /ros_ws/install/robot_bringup/share/robot_bringup/local_setup.bash
[0.051s] -- Up-to-date: /ros_ws/install/robot_bringup/share/robot_bringup/local_setup.sh
[0.051s] -- Up-to-date: /ros_ws/install/robot_bringup/share/robot_bringup/local_setup.zsh
[0.051s] -- Up-to-date: /ros_ws/install/robot_bringup/share/robot_bringup/local_setup.dsv
[0.052s] -- Installing: /ros_ws/install/robot_bringup/share/robot_bringup/package.dsv
[0.052s] -- Up-to-date: /ros_ws/install/robot_bringup/share/ament_index/resource_index/packages/robot_bringup
[0.052s] -- Up-to-date: /ros_ws/install/robot_bringup/share/robot_bringup/cmake/robot_bringupConfig.cmake
[0.052s] -- Up-to-date: /ros_ws/install/robot_bringup/share/robot_bringup/cmake/robot_bringupConfig-version.cmake
[0.052s] -- Up-to-date: /ros_ws/install/robot_bringup/share/robot_bringup/package.xml
[0.053s] Invoked command in '/ros_ws/build/robot_bringup' returned '0': CMAKE_PREFIX_PATH=${CMAKE_PREFIX_PATH}:/opt/ros/humble /usr/bin/cmake --install /ros_ws/build/robot_bringup
