[0.064s] DEBUG:colcon:Command line arguments: ['/usr/bin/colcon', 'build']
[0.064s] DEBUG:colcon:Parsed command line arguments: Namespace(log_base=None, log_level=None, verb_name='build', build_base='build', install_base='install', merge_install=False, symlink_install=False, test_result_base=None, continue_on_error=False, executor='parallel', parallel_workers=20, event_handlers=None, ignore_user_meta=False, metas=['./colcon.meta'], base_paths=['.'], packages_ignore=None, packages_ignore_regex=None, paths=None, packages_up_to=None, packages_up_to_regex=None, packages_above=None, packages_above_and_dependencies=None, packages_above_depth=None, packages_select_by_dep=None, packages_skip_by_dep=None, packages_skip_up_to=None, packages_select_build_failed=False, packages_skip_build_finished=False, packages_select_test_failures=False, packages_skip_test_passed=False, packages_select=None, packages_skip=None, packages_select_regex=None, packages_skip_regex=None, packages_start=None, packages_end=None, allow_overriding=[], cmake_args=None, cmake_target=None, cmake_target_skip_unavailable=False, cmake_clean_cache=False, cmake_clean_first=False, cmake_force_configure=False, ament_cmake_args=None, catkin_cmake_args=None, catkin_skip_building_tests=False, verb_parser=<colcon_defaults.argument_parser.defaults.DefaultArgumentsDecorator object at 0x71801bbfc340>, verb_extension=<colcon_core.verb.build.BuildVerb object at 0x71801bd9cf70>, main=<bound method BuildVerb.main of <colcon_core.verb.build.BuildVerb object at 0x71801bd9cf70>>)
[0.166s] Level 1:colcon.colcon_core.package_discovery:discover_packages(colcon_meta) check parameters
[0.166s] Level 1:colcon.colcon_core.package_discovery:discover_packages(recursive) check parameters
[0.166s] Level 1:colcon.colcon_core.package_discovery:discover_packages(ignore) check parameters
[0.166s] Level 1:colcon.colcon_core.package_discovery:discover_packages(path) check parameters
[0.166s] Level 1:colcon.colcon_core.package_discovery:discover_packages(colcon_meta) discover
[0.166s] Level 1:colcon.colcon_core.package_discovery:discover_packages(recursive) discover
[0.167s] INFO:colcon.colcon_core.package_discovery:Crawling recursively for packages in '/ros_ws'
[0.167s] Level 1:colcon.colcon_core.package_identification:_identify(.) by extensions ['ignore', 'ignore_ament_install']
[0.167s] Level 1:colcon.colcon_core.package_identification:_identify(.) by extension 'ignore'
[0.167s] Level 1:colcon.colcon_core.package_identification:_identify(.) by extension 'ignore_ament_install'
[0.167s] Level 1:colcon.colcon_core.package_identification:_identify(.) by extensions ['colcon_pkg']
[0.167s] Level 1:colcon.colcon_core.package_identification:_identify(.) by extension 'colcon_pkg'
[0.167s] Level 1:colcon.colcon_core.package_identification:_identify(.) by extensions ['colcon_meta']
[0.167s] Level 1:colcon.colcon_core.package_identification:_identify(.) by extension 'colcon_meta'
[0.167s] Level 1:colcon.colcon_core.package_identification:_identify(.) by extensions ['ros']
[0.167s] Level 1:colcon.colcon_core.package_identification:_identify(.) by extension 'ros'
[0.175s] Level 1:colcon.colcon_core.package_identification:_identify(.) by extensions ['cmake', 'python']
[0.175s] Level 1:colcon.colcon_core.package_identification:_identify(.) by extension 'cmake'
[0.175s] Level 1:colcon.colcon_core.package_identification:_identify(.) by extension 'python'
[0.175s] Level 1:colcon.colcon_core.package_identification:_identify(.) by extensions ['python_setup_py']
[0.175s] Level 1:colcon.colcon_core.package_identification:_identify(.) by extension 'python_setup_py'
[0.175s] Level 1:colcon.colcon_core.package_identification:_identify(build) by extensions ['ignore', 'ignore_ament_install']
[0.175s] Level 1:colcon.colcon_core.package_identification:_identify(build) by extension 'ignore'
[0.175s] Level 1:colcon.colcon_core.package_identification:_identify(build) ignored
[0.175s] Level 1:colcon.colcon_core.package_identification:_identify(install) by extensions ['ignore', 'ignore_ament_install']
[0.175s] Level 1:colcon.colcon_core.package_identification:_identify(install) by extension 'ignore'
[0.175s] Level 1:colcon.colcon_core.package_identification:_identify(install) ignored
[0.175s] Level 1:colcon.colcon_core.package_identification:_identify(log) by extensions ['ignore', 'ignore_ament_install']
[0.175s] Level 1:colcon.colcon_core.package_identification:_identify(log) by extension 'ignore'
[0.175s] Level 1:colcon.colcon_core.package_identification:_identify(log) ignored
[0.175s] Level 1:colcon.colcon_core.package_identification:_identify(src) by extensions ['ignore', 'ignore_ament_install']
[0.176s] Level 1:colcon.colcon_core.package_identification:_identify(src) by extension 'ignore'
[0.176s] Level 1:colcon.colcon_core.package_identification:_identify(src) by extension 'ignore_ament_install'
[0.176s] Level 1:colcon.colcon_core.package_identification:_identify(src) by extensions ['colcon_pkg']
[0.176s] Level 1:colcon.colcon_core.package_identification:_identify(src) by extension 'colcon_pkg'
[0.176s] Level 1:colcon.colcon_core.package_identification:_identify(src) by extensions ['colcon_meta']
[0.176s] Level 1:colcon.colcon_core.package_identification:_identify(src) by extension 'colcon_meta'
[0.176s] Level 1:colcon.colcon_core.package_identification:_identify(src) by extensions ['ros']
[0.176s] Level 1:colcon.colcon_core.package_identification:_identify(src) by extension 'ros'
[0.176s] Level 1:colcon.colcon_core.package_identification:_identify(src) by extensions ['cmake', 'python']
[0.176s] Level 1:colcon.colcon_core.package_identification:_identify(src) by extension 'cmake'
[0.176s] Level 1:colcon.colcon_core.package_identification:_identify(src) by extension 'python'
[0.176s] Level 1:colcon.colcon_core.package_identification:_identify(src) by extensions ['python_setup_py']
[0.176s] Level 1:colcon.colcon_core.package_identification:_identify(src) by extension 'python_setup_py'
[0.176s] Level 1:colcon.colcon_core.package_identification:_identify(src/robot_bringup) by extensions ['ignore', 'ignore_ament_install']
[0.176s] Level 1:colcon.colcon_core.package_identification:_identify(src/robot_bringup) by extension 'ignore'
[0.176s] Level 1:colcon.colcon_core.package_identification:_identify(src/robot_bringup) by extension 'ignore_ament_install'
[0.176s] Level 1:colcon.colcon_core.package_identification:_identify(src/robot_bringup) by extensions ['colcon_pkg']
[0.176s] Level 1:colcon.colcon_core.package_identification:_identify(src/robot_bringup) by extension 'colcon_pkg'
[0.176s] Level 1:colcon.colcon_core.package_identification:_identify(src/robot_bringup) by extensions ['colcon_meta']
[0.176s] Level 1:colcon.colcon_core.package_identification:_identify(src/robot_bringup) by extension 'colcon_meta'
[0.176s] Level 1:colcon.colcon_core.package_identification:_identify(src/robot_bringup) by extensions ['ros']
[0.176s] Level 1:colcon.colcon_core.package_identification:_identify(src/robot_bringup) by extension 'ros'
[0.178s] DEBUG:colcon.colcon_core.package_identification:Package 'src/robot_bringup' with type 'ros.ament_cmake' and name 'robot_bringup'
[0.178s] Level 1:colcon.colcon_core.package_identification:_identify(src/robot_control) by extensions ['ignore', 'ignore_ament_install']
[0.178s] Level 1:colcon.colcon_core.package_identification:_identify(src/robot_control) by extension 'ignore'
[0.178s] Level 1:colcon.colcon_core.package_identification:_identify(src/robot_control) by extension 'ignore_ament_install'
[0.178s] Level 1:colcon.colcon_core.package_identification:_identify(src/robot_control) by extensions ['colcon_pkg']
[0.178s] Level 1:colcon.colcon_core.package_identification:_identify(src/robot_control) by extension 'colcon_pkg'
[0.178s] Level 1:colcon.colcon_core.package_identification:_identify(src/robot_control) by extensions ['colcon_meta']
[0.178s] Level 1:colcon.colcon_core.package_identification:_identify(src/robot_control) by extension 'colcon_meta'
[0.178s] Level 1:colcon.colcon_core.package_identification:_identify(src/robot_control) by extensions ['ros']
[0.178s] Level 1:colcon.colcon_core.package_identification:_identify(src/robot_control) by extension 'ros'
[0.179s] DEBUG:colcon.colcon_core.package_identification:Package 'src/robot_control' with type 'ros.ament_python' and name 'robot_control'
[0.179s] Level 1:colcon.colcon_core.package_identification:_identify(src/robot_description) by extensions ['ignore', 'ignore_ament_install']
[0.179s] Level 1:colcon.colcon_core.package_identification:_identify(src/robot_description) by extension 'ignore'
[0.179s] Level 1:colcon.colcon_core.package_identification:_identify(src/robot_description) by extension 'ignore_ament_install'
[0.179s] Level 1:colcon.colcon_core.package_identification:_identify(src/robot_description) by extensions ['colcon_pkg']
[0.179s] Level 1:colcon.colcon_core.package_identification:_identify(src/robot_description) by extension 'colcon_pkg'
[0.179s] Level 1:colcon.colcon_core.package_identification:_identify(src/robot_description) by extensions ['colcon_meta']
[0.179s] Level 1:colcon.colcon_core.package_identification:_identify(src/robot_description) by extension 'colcon_meta'
[0.179s] Level 1:colcon.colcon_core.package_identification:_identify(src/robot_description) by extensions ['ros']
[0.179s] Level 1:colcon.colcon_core.package_identification:_identify(src/robot_description) by extension 'ros'
[0.179s] DEBUG:colcon.colcon_core.package_identification:Package 'src/robot_description' with type 'ros.ament_cmake' and name 'robot_description'
[0.180s] Level 1:colcon.colcon_core.package_discovery:discover_packages(recursive) using defaults
[0.180s] Level 1:colcon.colcon_core.package_discovery:discover_packages(ignore) discover
[0.180s] Level 1:colcon.colcon_core.package_discovery:discover_packages(ignore) using defaults
[0.180s] Level 1:colcon.colcon_core.package_discovery:discover_packages(path) discover
[0.180s] Level 1:colcon.colcon_core.package_discovery:discover_packages(path) using defaults
[0.194s] Level 1:colcon.colcon_core.package_discovery:discover_packages(prefix_path) check parameters
[0.194s] Level 1:colcon.colcon_core.package_discovery:discover_packages(prefix_path) discover
[0.195s] DEBUG:colcon.colcon_installed_package_information.package_discovery:Found 3 installed packages in /ros_ws/install
[0.196s] DEBUG:colcon.colcon_installed_package_information.package_discovery:Found 314 installed packages in /opt/ros/humble
[0.197s] Level 1:colcon.colcon_core.package_discovery:discover_packages(prefix_path) using defaults
[0.227s] Level 5:colcon.colcon_core.verb:set package 'robot_bringup' build argument 'cmake_args' from command line to 'None'
[0.227s] Level 5:colcon.colcon_core.verb:set package 'robot_bringup' build argument 'cmake_target' from command line to 'None'
[0.227s] Level 5:colcon.colcon_core.verb:set package 'robot_bringup' build argument 'cmake_target_skip_unavailable' from command line to 'False'
[0.227s] Level 5:colcon.colcon_core.verb:set package 'robot_bringup' build argument 'cmake_clean_cache' from command line to 'False'
[0.227s] Level 5:colcon.colcon_core.verb:set package 'robot_bringup' build argument 'cmake_clean_first' from command line to 'False'
[0.227s] Level 5:colcon.colcon_core.verb:set package 'robot_bringup' build argument 'cmake_force_configure' from command line to 'False'
[0.228s] Level 5:colcon.colcon_core.verb:set package 'robot_bringup' build argument 'ament_cmake_args' from command line to 'None'
[0.228s] Level 5:colcon.colcon_core.verb:set package 'robot_bringup' build argument 'catkin_cmake_args' from command line to 'None'
[0.228s] Level 5:colcon.colcon_core.verb:set package 'robot_bringup' build argument 'catkin_skip_building_tests' from command line to 'False'
[0.228s] DEBUG:colcon.colcon_core.verb:Building package 'robot_bringup' with the following arguments: {'ament_cmake_args': None, 'build_base': '/ros_ws/build/robot_bringup', 'catkin_cmake_args': None, 'catkin_skip_building_tests': False, 'cmake_args': None, 'cmake_clean_cache': False, 'cmake_clean_first': False, 'cmake_force_configure': False, 'cmake_target': None, 'cmake_target_skip_unavailable': False, 'install_base': '/ros_ws/install/robot_bringup', 'merge_install': False, 'path': '/ros_ws/src/robot_bringup', 'symlink_install': False, 'test_result_base': None}
[0.228s] Level 5:colcon.colcon_core.verb:set package 'robot_control' build argument 'cmake_args' from command line to 'None'
[0.228s] Level 5:colcon.colcon_core.verb:set package 'robot_control' build argument 'cmake_target' from command line to 'None'
[0.228s] Level 5:colcon.colcon_core.verb:set package 'robot_control' build argument 'cmake_target_skip_unavailable' from command line to 'False'
[0.228s] Level 5:colcon.colcon_core.verb:set package 'robot_control' build argument 'cmake_clean_cache' from command line to 'False'
[0.228s] Level 5:colcon.colcon_core.verb:set package 'robot_control' build argument 'cmake_clean_first' from command line to 'False'
[0.228s] Level 5:colcon.colcon_core.verb:set package 'robot_control' build argument 'cmake_force_configure' from command line to 'False'
[0.228s] Level 5:colcon.colcon_core.verb:set package 'robot_control' build argument 'ament_cmake_args' from command line to 'None'
[0.228s] Level 5:colcon.colcon_core.verb:set package 'robot_control' build argument 'catkin_cmake_args' from command line to 'None'
[0.228s] Level 5:colcon.colcon_core.verb:set package 'robot_control' build argument 'catkin_skip_building_tests' from command line to 'False'
[0.228s] DEBUG:colcon.colcon_core.verb:Building package 'robot_control' with the following arguments: {'ament_cmake_args': None, 'build_base': '/ros_ws/build/robot_control', 'catkin_cmake_args': None, 'catkin_skip_building_tests': False, 'cmake_args': None, 'cmake_clean_cache': False, 'cmake_clean_first': False, 'cmake_force_configure': False, 'cmake_target': None, 'cmake_target_skip_unavailable': False, 'install_base': '/ros_ws/install/robot_control', 'merge_install': False, 'path': '/ros_ws/src/robot_control', 'symlink_install': False, 'test_result_base': None}
[0.228s] Level 5:colcon.colcon_core.verb:set package 'robot_description' build argument 'cmake_args' from command line to 'None'
[0.228s] Level 5:colcon.colcon_core.verb:set package 'robot_description' build argument 'cmake_target' from command line to 'None'
[0.228s] Level 5:colcon.colcon_core.verb:set package 'robot_description' build argument 'cmake_target_skip_unavailable' from command line to 'False'
[0.228s] Level 5:colcon.colcon_core.verb:set package 'robot_description' build argument 'cmake_clean_cache' from command line to 'False'
[0.228s] Level 5:colcon.colcon_core.verb:set package 'robot_description' build argument 'cmake_clean_first' from command line to 'False'
[0.228s] Level 5:colcon.colcon_core.verb:set package 'robot_description' build argument 'cmake_force_configure' from command line to 'False'
[0.228s] Level 5:colcon.colcon_core.verb:set package 'robot_description' build argument 'ament_cmake_args' from command line to 'None'
[0.228s] Level 5:colcon.colcon_core.verb:set package 'robot_description' build argument 'catkin_cmake_args' from command line to 'None'
[0.228s] Level 5:colcon.colcon_core.verb:set package 'robot_description' build argument 'catkin_skip_building_tests' from command line to 'False'
[0.228s] DEBUG:colcon.colcon_core.verb:Building package 'robot_description' with the following arguments: {'ament_cmake_args': None, 'build_base': '/ros_ws/build/robot_description', 'catkin_cmake_args': None, 'catkin_skip_building_tests': False, 'cmake_args': None, 'cmake_clean_cache': False, 'cmake_clean_first': False, 'cmake_force_configure': False, 'cmake_target': None, 'cmake_target_skip_unavailable': False, 'install_base': '/ros_ws/install/robot_description', 'merge_install': False, 'path': '/ros_ws/src/robot_description', 'symlink_install': False, 'test_result_base': None}
[0.228s] INFO:colcon.colcon_core.executor:Executing jobs using 'parallel' executor
[0.229s] DEBUG:colcon.colcon_parallel_executor.executor.parallel:run_until_complete
[0.229s] INFO:colcon.colcon_ros.task.ament_cmake.build:Building ROS package in '/ros_ws/src/robot_bringup' with build type 'ament_cmake'
[0.230s] INFO:colcon.colcon_cmake.task.cmake.build:Building CMake package in '/ros_ws/src/robot_bringup'
[0.231s] INFO:colcon.colcon_core.plugin_system:Skipping extension 'colcon_core.shell.bat': Not used on non-Windows systems
[0.231s] INFO:colcon.colcon_core.shell:Skip shell extension 'powershell' for command environment: Not usable outside of PowerShell
[0.231s] DEBUG:colcon.colcon_core.shell:Skip shell extension 'dsv' for command environment
[0.240s] INFO:colcon.colcon_ros.task.ament_python.build:Building ROS package in '/ros_ws/src/robot_control' with build type 'ament_python'
[0.240s] Level 1:colcon.colcon_core.shell:create_environment_hook('robot_control', 'ament_prefix_path')
[0.240s] INFO:colcon.colcon_core.shell:Creating environment hook '/ros_ws/install/robot_control/share/robot_control/hook/ament_prefix_path.ps1'
[0.242s] INFO:colcon.colcon_core.shell:Creating environment descriptor '/ros_ws/install/robot_control/share/robot_control/hook/ament_prefix_path.dsv'
[0.244s] INFO:colcon.colcon_core.shell:Creating environment hook '/ros_ws/install/robot_control/share/robot_control/hook/ament_prefix_path.sh'
[0.244s] INFO:colcon.colcon_core.shell:Skip shell extension 'powershell' for command environment: Not usable outside of PowerShell
[0.244s] DEBUG:colcon.colcon_core.shell:Skip shell extension 'dsv' for command environment
[0.260s] INFO:colcon.colcon_ros.task.ament_cmake.build:Building ROS package in '/ros_ws/src/robot_description' with build type 'ament_cmake'
[0.260s] INFO:colcon.colcon_cmake.task.cmake.build:Building CMake package in '/ros_ws/src/robot_description'
[0.260s] INFO:colcon.colcon_core.shell:Skip shell extension 'powershell' for command environment: Not usable outside of PowerShell
[0.260s] DEBUG:colcon.colcon_core.shell:Skip shell extension 'dsv' for command environment
[0.309s] DEBUG:colcon.colcon_core.event_handler.log_command:Invoking command in '/ros_ws/build/robot_bringup': CMAKE_PREFIX_PATH=${CMAKE_PREFIX_PATH}:/ros_ws/install/robot_control:/opt/ros/humble /usr/bin/cmake --build /ros_ws/build/robot_bringup -- -j20 -l20
[0.502s] INFO:colcon.colcon_core.task.python.build:Building Python package in '/ros_ws/src/robot_control'
[0.502s] INFO:colcon.colcon_core.shell:Skip shell extension 'powershell' for command environment: Not usable outside of PowerShell
[0.502s] DEBUG:colcon.colcon_core.shell:Skip shell extension 'dsv' for command environment
[0.508s] DEBUG:colcon.colcon_core.event_handler.log_command:Invoking command in '/ros_ws/build/robot_description': CMAKE_PREFIX_PATH=${CMAKE_PREFIX_PATH}:/ros_ws/install/robot_control:/opt/ros/humble /usr/bin/cmake --build /ros_ws/build/robot_description -- -j20 -l20
[0.509s] DEBUG:colcon.colcon_core.event_handler.log_command:Invoked command in '/ros_ws/build/robot_bringup' returned '0': CMAKE_PREFIX_PATH=${CMAKE_PREFIX_PATH}:/ros_ws/install/robot_control:/opt/ros/humble /usr/bin/cmake --build /ros_ws/build/robot_bringup -- -j20 -l20
[0.523s] DEBUG:colcon.colcon_core.event_handler.log_command:Invoking command in '/ros_ws/build/robot_bringup': CMAKE_PREFIX_PATH=${CMAKE_PREFIX_PATH}:/ros_ws/install/robot_control:/opt/ros/humble /usr/bin/cmake --install /ros_ws/build/robot_bringup
[0.530s] Level 1:colcon.colcon_core.environment:create_environment_scripts_only(robot_bringup)
[0.532s] DEBUG:colcon.colcon_core.event_handler.log_command:Invoked command in '/ros_ws/build/robot_description' returned '0': CMAKE_PREFIX_PATH=${CMAKE_PREFIX_PATH}:/ros_ws/install/robot_control:/opt/ros/humble /usr/bin/cmake --build /ros_ws/build/robot_description -- -j20 -l20
[0.532s] DEBUG:colcon.colcon_core.event_handler.log_command:Invoked command in '/ros_ws/build/robot_bringup' returned '0': CMAKE_PREFIX_PATH=${CMAKE_PREFIX_PATH}:/ros_ws/install/robot_control:/opt/ros/humble /usr/bin/cmake --install /ros_ws/build/robot_bringup
[0.533s] Level 1:colcon.colcon_core.environment:checking '/ros_ws/install/robot_bringup' for CMake module files
[0.533s] Level 1:colcon.colcon_core.environment:checking '/ros_ws/install/robot_bringup' for CMake config files
[0.533s] Level 1:colcon.colcon_core.shell:create_environment_hook('robot_bringup', 'cmake_prefix_path')
[0.533s] INFO:colcon.colcon_core.shell:Creating environment hook '/ros_ws/install/robot_bringup/share/robot_bringup/hook/cmake_prefix_path.ps1'
[0.534s] INFO:colcon.colcon_core.shell:Creating environment descriptor '/ros_ws/install/robot_bringup/share/robot_bringup/hook/cmake_prefix_path.dsv'
[0.534s] INFO:colcon.colcon_core.shell:Creating environment hook '/ros_ws/install/robot_bringup/share/robot_bringup/hook/cmake_prefix_path.sh'
[0.534s] Level 1:colcon.colcon_core.environment:checking '/ros_ws/install/robot_bringup/bin'
[0.534s] Level 1:colcon.colcon_core.environment:checking '/ros_ws/install/robot_bringup/lib/pkgconfig/robot_bringup.pc'
[0.534s] Level 1:colcon.colcon_core.environment:checking '/ros_ws/install/robot_bringup/lib/python3.10/site-packages'
[0.534s] Level 1:colcon.colcon_core.environment:checking '/ros_ws/install/robot_bringup/bin'
[0.535s] INFO:colcon.colcon_core.shell:Creating package script '/ros_ws/install/robot_bringup/share/robot_bringup/package.ps1'
[0.535s] INFO:colcon.colcon_core.shell:Creating package descriptor '/ros_ws/install/robot_bringup/share/robot_bringup/package.dsv'
[0.535s] INFO:colcon.colcon_core.shell:Creating package script '/ros_ws/install/robot_bringup/share/robot_bringup/package.sh'
[0.536s] INFO:colcon.colcon_core.shell:Creating package script '/ros_ws/install/robot_bringup/share/robot_bringup/package.bash'
[0.536s] INFO:colcon.colcon_core.shell:Creating package script '/ros_ws/install/robot_bringup/share/robot_bringup/package.zsh'
[0.536s] Level 1:colcon.colcon_core.environment:create_file_with_runtime_dependencies(/ros_ws/install/robot_bringup/share/colcon-core/packages/robot_bringup)
[0.542s] DEBUG:colcon.colcon_core.event_handler.log_command:Invoking command in '/ros_ws/build/robot_description': CMAKE_PREFIX_PATH=${CMAKE_PREFIX_PATH}:/ros_ws/install/robot_control:/opt/ros/humble /usr/bin/cmake --install /ros_ws/build/robot_description
[0.548s] Level 1:colcon.colcon_core.environment:create_environment_scripts_only(robot_description)
[0.548s] Level 1:colcon.colcon_core.environment:checking '/ros_ws/install/robot_description' for CMake module files
[0.549s] Level 1:colcon.colcon_core.environment:checking '/ros_ws/install/robot_description' for CMake config files
[0.549s] Level 1:colcon.colcon_core.shell:create_environment_hook('robot_description', 'cmake_prefix_path')
[0.549s] INFO:colcon.colcon_core.shell:Creating environment hook '/ros_ws/install/robot_description/share/robot_description/hook/cmake_prefix_path.ps1'
[0.550s] INFO:colcon.colcon_core.shell:Creating environment descriptor '/ros_ws/install/robot_description/share/robot_description/hook/cmake_prefix_path.dsv'
[0.550s] INFO:colcon.colcon_core.shell:Creating environment hook '/ros_ws/install/robot_description/share/robot_description/hook/cmake_prefix_path.sh'
[0.551s] DEBUG:colcon.colcon_core.event_handler.log_command:Invoked command in '/ros_ws/build/robot_description' returned '0': CMAKE_PREFIX_PATH=${CMAKE_PREFIX_PATH}:/ros_ws/install/robot_control:/opt/ros/humble /usr/bin/cmake --install /ros_ws/build/robot_description
[0.551s] Level 1:colcon.colcon_core.environment:checking '/ros_ws/install/robot_description/bin'
[0.551s] Level 1:colcon.colcon_core.environment:checking '/ros_ws/install/robot_description/lib/pkgconfig/robot_description.pc'
[0.551s] Level 1:colcon.colcon_core.environment:checking '/ros_ws/install/robot_description/lib/python3.10/site-packages'
[0.551s] Level 1:colcon.colcon_core.environment:checking '/ros_ws/install/robot_description/bin'
[0.552s] INFO:colcon.colcon_core.shell:Creating package script '/ros_ws/install/robot_description/share/robot_description/package.ps1'
[0.552s] INFO:colcon.colcon_core.shell:Creating package descriptor '/ros_ws/install/robot_description/share/robot_description/package.dsv'
[0.552s] INFO:colcon.colcon_core.shell:Creating package script '/ros_ws/install/robot_description/share/robot_description/package.sh'
[0.552s] INFO:colcon.colcon_core.shell:Creating package script '/ros_ws/install/robot_description/share/robot_description/package.bash'
[0.552s] INFO:colcon.colcon_core.shell:Creating package script '/ros_ws/install/robot_description/share/robot_description/package.zsh'
[0.552s] Level 1:colcon.colcon_core.environment:create_file_with_runtime_dependencies(/ros_ws/install/robot_description/share/colcon-core/packages/robot_description)
[0.553s] Level 1:colcon.colcon_core.environment:create_environment_scripts_only(robot_bringup)
[0.553s] Level 1:colcon.colcon_core.environment:checking '/ros_ws/install/robot_bringup' for CMake module files
[0.554s] Level 1:colcon.colcon_core.environment:checking '/ros_ws/install/robot_bringup' for CMake config files
[0.554s] Level 1:colcon.colcon_core.shell:create_environment_hook('robot_bringup', 'cmake_prefix_path')
[0.554s] INFO:colcon.colcon_core.shell:Creating environment hook '/ros_ws/install/robot_bringup/share/robot_bringup/hook/cmake_prefix_path.ps1'
[0.554s] INFO:colcon.colcon_core.shell:Creating environment descriptor '/ros_ws/install/robot_bringup/share/robot_bringup/hook/cmake_prefix_path.dsv'
[0.554s] INFO:colcon.colcon_core.shell:Creating environment hook '/ros_ws/install/robot_bringup/share/robot_bringup/hook/cmake_prefix_path.sh'
[0.554s] Level 1:colcon.colcon_core.environment:checking '/ros_ws/install/robot_bringup/bin'
[0.555s] Level 1:colcon.colcon_core.environment:checking '/ros_ws/install/robot_bringup/lib/pkgconfig/robot_bringup.pc'
[0.555s] Level 1:colcon.colcon_core.environment:checking '/ros_ws/install/robot_bringup/lib/python3.10/site-packages'
[0.555s] Level 1:colcon.colcon_core.environment:checking '/ros_ws/install/robot_bringup/bin'
[0.555s] INFO:colcon.colcon_core.shell:Creating package script '/ros_ws/install/robot_bringup/share/robot_bringup/package.ps1'
[0.555s] INFO:colcon.colcon_core.shell:Creating package descriptor '/ros_ws/install/robot_bringup/share/robot_bringup/package.dsv'
[0.555s] INFO:colcon.colcon_core.shell:Creating package script '/ros_ws/install/robot_bringup/share/robot_bringup/package.sh'
[0.556s] INFO:colcon.colcon_core.shell:Creating package script '/ros_ws/install/robot_bringup/share/robot_bringup/package.bash'
[0.556s] INFO:colcon.colcon_core.shell:Creating package script '/ros_ws/install/robot_bringup/share/robot_bringup/package.zsh'
[0.556s] Level 1:colcon.colcon_core.environment:create_file_with_runtime_dependencies(/ros_ws/install/robot_bringup/share/colcon-core/packages/robot_bringup)
[0.565s] Level 1:colcon.colcon_core.environment:create_environment_scripts_only(robot_description)
[0.566s] Level 1:colcon.colcon_core.environment:checking '/ros_ws/install/robot_description' for CMake module files
[0.566s] Level 1:colcon.colcon_core.environment:checking '/ros_ws/install/robot_description' for CMake config files
[0.566s] Level 1:colcon.colcon_core.shell:create_environment_hook('robot_description', 'cmake_prefix_path')
[0.566s] INFO:colcon.colcon_core.shell:Creating environment hook '/ros_ws/install/robot_description/share/robot_description/hook/cmake_prefix_path.ps1'
[0.566s] INFO:colcon.colcon_core.shell:Creating environment descriptor '/ros_ws/install/robot_description/share/robot_description/hook/cmake_prefix_path.dsv'
[0.567s] INFO:colcon.colcon_core.shell:Creating environment hook '/ros_ws/install/robot_description/share/robot_description/hook/cmake_prefix_path.sh'
[0.567s] Level 1:colcon.colcon_core.environment:checking '/ros_ws/install/robot_description/bin'
[0.567s] Level 1:colcon.colcon_core.environment:checking '/ros_ws/install/robot_description/lib/pkgconfig/robot_description.pc'
[0.567s] Level 1:colcon.colcon_core.environment:checking '/ros_ws/install/robot_description/lib/python3.10/site-packages'
[0.567s] Level 1:colcon.colcon_core.environment:checking '/ros_ws/install/robot_description/bin'
[0.567s] INFO:colcon.colcon_core.shell:Creating package script '/ros_ws/install/robot_description/share/robot_description/package.ps1'
[0.568s] INFO:colcon.colcon_core.shell:Creating package descriptor '/ros_ws/install/robot_description/share/robot_description/package.dsv'
[0.568s] INFO:colcon.colcon_core.shell:Creating package script '/ros_ws/install/robot_description/share/robot_description/package.sh'
[0.568s] INFO:colcon.colcon_core.shell:Creating package script '/ros_ws/install/robot_description/share/robot_description/package.bash'
[0.568s] INFO:colcon.colcon_core.shell:Creating package script '/ros_ws/install/robot_description/share/robot_description/package.zsh'
[0.569s] Level 1:colcon.colcon_core.environment:create_file_with_runtime_dependencies(/ros_ws/install/robot_description/share/colcon-core/packages/robot_description)
[0.776s] DEBUG:colcon.colcon_core.event_handler.log_command:Invoking command in '/ros_ws/src/robot_control': PYTHONPATH=/ros_ws/build/robot_control/prefix_override:/usr/lib/python3/dist-packages/colcon_core/task/python/colcon_distutils_commands:/ros_ws/install/robot_control/lib/python3.10/site-packages:${PYTHONPATH} /usr/bin/python3 -W ignore:setup.py install is deprecated setup.py egg_info --egg-base ../../build/robot_control build --build-base /ros_ws/build/robot_control/build install --record /ros_ws/build/robot_control/install.log --single-version-externally-managed install_data
[0.960s] Level 1:colcon.colcon_core.environment:checking '/ros_ws/install/robot_control' for CMake module files
[0.961s] DEBUG:colcon.colcon_core.event_handler.log_command:Invoked command in '/ros_ws/src/robot_control' returned '0': PYTHONPATH=/ros_ws/build/robot_control/prefix_override:/usr/lib/python3/dist-packages/colcon_core/task/python/colcon_distutils_commands:/ros_ws/install/robot_control/lib/python3.10/site-packages:${PYTHONPATH} /usr/bin/python3 -W ignore:setup.py install is deprecated setup.py egg_info --egg-base ../../build/robot_control build --build-base /ros_ws/build/robot_control/build install --record /ros_ws/build/robot_control/install.log --single-version-externally-managed install_data
[0.961s] Level 1:colcon.colcon_core.environment:checking '/ros_ws/install/robot_control' for CMake config files
[0.961s] Level 1:colcon.colcon_core.environment:checking '/ros_ws/install/robot_control/lib'
[0.961s] Level 1:colcon.colcon_core.environment:checking '/ros_ws/install/robot_control/bin'
[0.961s] Level 1:colcon.colcon_core.environment:checking '/ros_ws/install/robot_control/lib/pkgconfig/robot_control.pc'
[0.962s] Level 1:colcon.colcon_core.environment:checking '/ros_ws/install/robot_control/lib/python3.10/site-packages'
[0.962s] Level 1:colcon.colcon_core.shell:create_environment_hook('robot_control', 'pythonpath')
[0.962s] INFO:colcon.colcon_core.shell:Creating environment hook '/ros_ws/install/robot_control/share/robot_control/hook/pythonpath.ps1'
[0.962s] INFO:colcon.colcon_core.shell:Creating environment descriptor '/ros_ws/install/robot_control/share/robot_control/hook/pythonpath.dsv'
[0.962s] INFO:colcon.colcon_core.shell:Creating environment hook '/ros_ws/install/robot_control/share/robot_control/hook/pythonpath.sh'
[0.962s] Level 1:colcon.colcon_core.environment:checking '/ros_ws/install/robot_control/bin'
[0.963s] Level 1:colcon.colcon_core.environment:create_environment_scripts_only(robot_control)
[0.963s] INFO:colcon.colcon_core.shell:Creating package script '/ros_ws/install/robot_control/share/robot_control/package.ps1'
[0.963s] INFO:colcon.colcon_core.shell:Creating package descriptor '/ros_ws/install/robot_control/share/robot_control/package.dsv'
[0.963s] INFO:colcon.colcon_core.shell:Creating package script '/ros_ws/install/robot_control/share/robot_control/package.sh'
[0.963s] INFO:colcon.colcon_core.shell:Creating package script '/ros_ws/install/robot_control/share/robot_control/package.bash'
[0.963s] INFO:colcon.colcon_core.shell:Creating package script '/ros_ws/install/robot_control/share/robot_control/package.zsh'
[0.964s] Level 1:colcon.colcon_core.environment:create_file_with_runtime_dependencies(/ros_ws/install/robot_control/share/colcon-core/packages/robot_control)
[0.964s] DEBUG:colcon.colcon_parallel_executor.executor.parallel:closing loop
[0.964s] DEBUG:colcon.colcon_parallel_executor.executor.parallel:loop closed
[0.964s] DEBUG:colcon.colcon_parallel_executor.executor.parallel:run_until_complete finished with '0'
[0.964s] DEBUG:colcon.colcon_core.event_reactor:joining thread
[0.969s] INFO:colcon.colcon_core.plugin_system:Skipping extension 'colcon_notification.desktop_notification.terminal_notifier': Not used on non-Darwin systems
[0.969s] INFO:colcon.colcon_core.plugin_system:Skipping extension 'colcon_notification.desktop_notification.win32': Not used on non-Windows systems
[0.969s] INFO:colcon.colcon_notification.desktop_notification:Sending desktop notification using 'notify2'
[1.043s] DEBUG:colcon.colcon_core.event_reactor:joined thread
[1.043s] INFO:colcon.colcon_core.shell:Creating prefix script '/ros_ws/install/local_setup.ps1'
[1.044s] INFO:colcon.colcon_core.shell:Creating prefix util module '/ros_ws/install/_local_setup_util_ps1.py'
[1.044s] INFO:colcon.colcon_core.shell:Creating prefix chain script '/ros_ws/install/setup.ps1'
[1.045s] INFO:colcon.colcon_core.shell:Creating prefix script '/ros_ws/install/local_setup.sh'
[1.045s] INFO:colcon.colcon_core.shell:Creating prefix util module '/ros_ws/install/_local_setup_util_sh.py'
[1.045s] INFO:colcon.colcon_core.shell:Creating prefix chain script '/ros_ws/install/setup.sh'
[1.046s] INFO:colcon.colcon_core.shell:Creating prefix script '/ros_ws/install/local_setup.bash'
[1.046s] INFO:colcon.colcon_core.shell:Creating prefix chain script '/ros_ws/install/setup.bash'
[1.047s] INFO:colcon.colcon_core.shell:Creating prefix script '/ros_ws/install/local_setup.zsh'
[1.047s] INFO:colcon.colcon_core.shell:Creating prefix chain script '/ros_ws/install/setup.zsh'
