[0.007s] Invoking command in '/ros_ws/build/robot_description': CMAKE_PREFIX_PATH=${CMAKE_PREFIX_PATH}:/opt/ros/humble /usr/bin/cmake --build /ros_ws/build/robot_description -- -j20 -l20
[0.021s] -- Found ament_cmake: 1.3.9 (/opt/ros/humble/share/ament_cmake/cmake)
[0.097s] -- Found ament_lint_auto: 0.12.11 (/opt/ros/humble/share/ament_lint_auto/cmake)
[0.137s] -- Added test 'flake8' to check Python code syntax and style conventions
[0.137s] -- Added test 'lint_cmake' to check CMake code style
[0.137s] -- Added test 'pep257' to check Python code against some of the docstring style conventions in PEP 257
[0.138s] -- Added test 'xmllint' to check XML markup files
[0.138s] -- Configuring done
[0.140s] -- Generating done
[0.140s] -- Build files have been written to: /ros_ws/build/robot_description
[0.154s] Invoked command in '/ros_ws/build/robot_description' returned '0': CMAKE_PREFIX_PATH=${CMAKE_PREFIX_PATH}:/opt/ros/humble /usr/bin/cmake --build /ros_ws/build/robot_description -- -j20 -l20
[0.175s] Invoking command in '/ros_ws/build/robot_description': CMAKE_PREFIX_PATH=${CMAKE_PREFIX_PATH}:/opt/ros/humble /usr/bin/cmake --install /ros_ws/build/robot_description
[0.180s] -- Install configuration: ""
[0.180s] -- Up-to-date: /ros_ws/install/robot_description/share/robot_description/description
[0.180s] -- Up-to-date: /ros_ws/install/robot_description/share/robot_description/description/robot.urdf.xacro
[0.180s] -- Up-to-date: /ros_ws/install/robot_description/share/robot_description/description/robot_core.xacro
[0.180s] -- Up-to-date: /ros_ws/install/robot_description/share/robot_description/launch
[0.180s] -- Up-to-date: /ros_ws/install/robot_description/share/robot_description/launch/display.launch.py
[0.180s] -- Installing: /ros_ws/install/robot_description/share/robot_description/rviz
[0.180s] -- Installing: /ros_ws/install/robot_description/share/robot_description/rviz/rviz.rviz
[0.180s] -- Up-to-date: /ros_ws/install/robot_description/share/ament_index/resource_index/package_run_dependencies/robot_description
[0.180s] -- Installing: /ros_ws/install/robot_description/share/ament_index/resource_index/parent_prefix_path/robot_description
[0.180s] -- Up-to-date: /ros_ws/install/robot_description/share/robot_description/environment/ament_prefix_path.sh
[0.181s] -- Installing: /ros_ws/install/robot_description/share/robot_description/environment/ament_prefix_path.dsv
[0.181s] -- Up-to-date: /ros_ws/install/robot_description/share/robot_description/environment/path.sh
[0.181s] -- Installing: /ros_ws/install/robot_description/share/robot_description/environment/path.dsv
[0.181s] -- Up-to-date: /ros_ws/install/robot_description/share/robot_description/local_setup.bash
[0.181s] -- Up-to-date: /ros_ws/install/robot_description/share/robot_description/local_setup.sh
[0.181s] -- Up-to-date: /ros_ws/install/robot_description/share/robot_description/local_setup.zsh
[0.181s] -- Installing: /ros_ws/install/robot_description/share/robot_description/local_setup.dsv
[0.181s] -- Installing: /ros_ws/install/robot_description/share/robot_description/package.dsv
[0.181s] -- Up-to-date: /ros_ws/install/robot_description/share/ament_index/resource_index/packages/robot_description
[0.181s] -- Up-to-date: /ros_ws/install/robot_description/share/robot_description/cmake/robot_descriptionConfig.cmake
[0.181s] -- Up-to-date: /ros_ws/install/robot_description/share/robot_description/cmake/robot_descriptionConfig-version.cmake
[0.181s] -- Up-to-date: /ros_ws/install/robot_description/share/robot_description/package.xml
[0.183s] Invoked command in '/ros_ws/build/robot_description' returned '0': CMAKE_PREFIX_PATH=${CMAKE_PREFIX_PATH}:/opt/ros/humble /usr/bin/cmake --install /ros_ws/build/robot_description
