[0.006s] Invoking command in '/ros_ws/build/robot_bringup': CMAKE_PREFIX_PATH=${CMAKE_PREFIX_PATH}:/opt/ros/humble /usr/bin/cmake /ros_ws/src/robot_bringup -DCMAKE_INSTALL_PREFIX=/ros_ws/install/robot_bringup
[0.049s] -- The C compiler identification is GNU 11.4.0
[0.082s] -- The CXX compiler identification is GNU 11.4.0
[0.087s] -- Detecting C compiler ABI info
[0.126s] -- Detecting C compiler ABI info - done
[0.130s] -- Check for working C compiler: /usr/bin/cc - skipped
[0.130s] -- Detecting C compile features
[0.130s] -- Detecting C compile features - done
[0.132s] -- Detecting CXX compiler ABI info
[0.185s] -- Detecting CXX compiler ABI info - done
[0.190s] -- Check for working CXX compiler: /usr/bin/c++ - skipped
[0.190s] -- Detecting CXX compile features
[0.190s] -- Detecting CXX compile features - done
[0.192s] -- Found ament_cmake: 1.3.9 (/opt/ros/humble/share/ament_cmake/cmake)
[0.285s] -- Found Python3: /usr/bin/python3 (found version "3.10.12") found components: Interpreter 
[0.339s] -- Found ament_lint_auto: 0.12.11 (/opt/ros/humble/share/ament_lint_auto/cmake)
[0.387s] -- Added test 'lint_cmake' to check CMake code style
[0.388s] -- Added test 'xmllint' to check XML markup files
[0.388s] -- Configuring done
[0.390s] -- Generating done
[0.390s] -- Build files have been written to: /ros_ws/build/robot_bringup
[0.393s] Invoked command in '/ros_ws/build/robot_bringup' returned '0': CMAKE_PREFIX_PATH=${CMAKE_PREFIX_PATH}:/opt/ros/humble /usr/bin/cmake /ros_ws/src/robot_bringup -DCMAKE_INSTALL_PREFIX=/ros_ws/install/robot_bringup
[0.395s] Invoking command in '/ros_ws/build/robot_bringup': CMAKE_PREFIX_PATH=${CMAKE_PREFIX_PATH}:/opt/ros/humble /usr/bin/cmake --build /ros_ws/build/robot_bringup -- -j20 -l20
[0.418s] Invoked command in '/ros_ws/build/robot_bringup' returned '0': CMAKE_PREFIX_PATH=${CMAKE_PREFIX_PATH}:/opt/ros/humble /usr/bin/cmake --build /ros_ws/build/robot_bringup -- -j20 -l20
[0.435s] Invoking command in '/ros_ws/build/robot_bringup': CMAKE_PREFIX_PATH=${CMAKE_PREFIX_PATH}:/opt/ros/humble /usr/bin/cmake --install /ros_ws/build/robot_bringup
[0.440s] -- Install configuration: ""
[0.440s] -- Installing: /ros_ws/install/robot_bringup/share/ament_index/resource_index/package_run_dependencies/robot_bringup
[0.440s] -- Installing: /ros_ws/install/robot_bringup/share/ament_index/resource_index/parent_prefix_path/robot_bringup
[0.440s] -- Installing: /ros_ws/install/robot_bringup/share/robot_bringup/environment/ament_prefix_path.sh
[0.440s] -- Installing: /ros_ws/install/robot_bringup/share/robot_bringup/environment/ament_prefix_path.dsv
[0.440s] -- Installing: /ros_ws/install/robot_bringup/share/robot_bringup/environment/path.sh
[0.440s] -- Installing: /ros_ws/install/robot_bringup/share/robot_bringup/environment/path.dsv
[0.440s] -- Installing: /ros_ws/install/robot_bringup/share/robot_bringup/local_setup.bash
[0.440s] -- Installing: /ros_ws/install/robot_bringup/share/robot_bringup/local_setup.sh
[0.441s] -- Installing: /ros_ws/install/robot_bringup/share/robot_bringup/local_setup.zsh
[0.441s] -- Installing: /ros_ws/install/robot_bringup/share/robot_bringup/local_setup.dsv
[0.441s] -- Installing: /ros_ws/install/robot_bringup/share/robot_bringup/package.dsv
[0.441s] -- Installing: /ros_ws/install/robot_bringup/share/ament_index/resource_index/packages/robot_bringup
[0.441s] -- Installing: /ros_ws/install/robot_bringup/share/robot_bringup/cmake/robot_bringupConfig.cmake
[0.442s] -- Installing: /ros_ws/install/robot_bringup/share/robot_bringup/cmake/robot_bringupConfig-version.cmake
[0.442s] -- Installing: /ros_ws/install/robot_bringup/share/robot_bringup/package.xml
[0.444s] Invoked command in '/ros_ws/build/robot_bringup' returned '0': CMAKE_PREFIX_PATH=${CMAKE_PREFIX_PATH}:/opt/ros/humble /usr/bin/cmake --install /ros_ws/build/robot_bringup
