[0.350s] Invoking command in '/ros_ws/src/robot_control': PYTHONPATH=/ros_ws/build/robot_control/prefix_override:/usr/lib/python3/dist-packages/colcon_core/task/python/colcon_distutils_commands:/ros_ws/install/robot_control/lib/python3.10/site-packages:${PYTHONPATH} /usr/bin/python3 -W ignore:setup.py install is deprecated setup.py egg_info --egg-base ../../build/robot_control build --build-base /ros_ws/build/robot_control/build install --record /ros_ws/build/robot_control/install.log --single-version-externally-managed install_data
[0.486s] running egg_info
[0.486s] writing ../../build/robot_control/robot_control.egg-info/PKG-INFO
[0.486s] writing dependency_links to ../../build/robot_control/robot_control.egg-info/dependency_links.txt
[0.486s] writing entry points to ../../build/robot_control/robot_control.egg-info/entry_points.txt
[0.486s] writing requirements to ../../build/robot_control/robot_control.egg-info/requires.txt
[0.486s] writing top-level names to ../../build/robot_control/robot_control.egg-info/top_level.txt
[0.487s] reading manifest file '../../build/robot_control/robot_control.egg-info/SOURCES.txt'
[0.488s] writing manifest file '../../build/robot_control/robot_control.egg-info/SOURCES.txt'
[0.488s] running build
[0.488s] running build_py
[0.488s] running install
[0.488s] running install_lib
[0.489s] running install_data
[0.489s] running install_egg_info
[0.490s] removing '/ros_ws/install/robot_control/lib/python3.10/site-packages/robot_control-0.0.0-py3.10.egg-info' (and everything under it)
[0.490s] Copying ../../build/robot_control/robot_control.egg-info to /ros_ws/install/robot_control/lib/python3.10/site-packages/robot_control-0.0.0-py3.10.egg-info
[0.490s] running install_scripts
[0.502s] Installing control script to /ros_ws/install/robot_control/lib/robot_control
[0.502s] writing list of installed files to '/ros_ws/build/robot_control/install.log'
[0.515s] Invoked command in '/ros_ws/src/robot_control' returned '0': PYTHONPATH=/ros_ws/build/robot_control/prefix_override:/usr/lib/python3/dist-packages/colcon_core/task/python/colcon_distutils_commands:/ros_ws/install/robot_control/lib/python3.10/site-packages:${PYTHONPATH} /usr/bin/python3 -W ignore:setup.py install is deprecated setup.py egg_info --egg-base ../../build/robot_control build --build-base /ros_ws/build/robot_control/build install --record /ros_ws/build/robot_control/install.log --single-version-externally-managed install_data
