[0.005s] Invoking command in '/ros_ws/build/robot_description': CMAKE_PREFIX_PATH=/opt/ros/humble /usr/bin/cmake /ros_ws/src/robot_description -DCMAKE_INSTALL_PREFIX=/ros_ws/install/robot_description
[0.067s] -- The C compiler identification is GNU 11.4.0
[0.127s] -- The CXX compiler identification is GNU 11.4.0
[0.134s] -- Detecting C compiler ABI info
[0.180s] -- Detecting C compiler ABI info - done
[0.184s] -- Check for working C compiler: /usr/bin/cc - skipped
[0.184s] -- Detecting C compile features
[0.185s] -- Detecting C compile features - done
[0.187s] -- Detecting CXX compiler ABI info
[0.235s] -- Detecting CXX compiler ABI info - done
[0.239s] -- Check for working CXX compiler: /usr/bin/c++ - skipped
[0.239s] -- Detecting CXX compile features
[0.239s] -- Detecting CXX compile features - done
[0.245s] -- Found ament_cmake: 1.3.9 (/opt/ros/humble/share/ament_cmake/cmake)
[0.337s] -- Found Python3: /usr/bin/python3 (found version "3.10.12") found components: Interpreter 
[0.397s] -- Found ament_lint_auto: 0.12.11 (/opt/ros/humble/share/ament_lint_auto/cmake)
[0.448s] -- Added test 'lint_cmake' to check CMake code style
[0.449s] -- Added test 'xmllint' to check XML markup files
[0.450s] -- Configuring done
[0.451s] -- Generating done
[0.452s] -- Build files have been written to: /ros_ws/build/robot_description
[0.454s] Invoked command in '/ros_ws/build/robot_description' returned '0': CMAKE_PREFIX_PATH=/opt/ros/humble /usr/bin/cmake /ros_ws/src/robot_description -DCMAKE_INSTALL_PREFIX=/ros_ws/install/robot_description
[0.455s] Invoking command in '/ros_ws/build/robot_description': CMAKE_PREFIX_PATH=/opt/ros/humble /usr/bin/cmake --build /ros_ws/build/robot_description -- -j20 -l20
[0.483s] Invoked command in '/ros_ws/build/robot_description' returned '0': CMAKE_PREFIX_PATH=/opt/ros/humble /usr/bin/cmake --build /ros_ws/build/robot_description -- -j20 -l20
[0.502s] Invoking command in '/ros_ws/build/robot_description': CMAKE_PREFIX_PATH=/opt/ros/humble /usr/bin/cmake --install /ros_ws/build/robot_description
[0.507s] -- Install configuration: ""
[0.507s] -- Installing: /ros_ws/install/robot_description/share/robot_description/description
[0.507s] -- Installing: /ros_ws/install/robot_description/share/robot_description/description/robot.urdf.xacro
[0.507s] -- Installing: /ros_ws/install/robot_description/share/robot_description/description/robot_core.xacro
[0.507s] -- Installing: /ros_ws/install/robot_description/share/robot_description/launch
[0.508s] -- Installing: /ros_ws/install/robot_description/share/ament_index/resource_index/package_run_dependencies/robot_description
[0.508s] -- Installing: /ros_ws/install/robot_description/share/ament_index/resource_index/parent_prefix_path/robot_description
[0.508s] -- Installing: /ros_ws/install/robot_description/share/robot_description/environment/ament_prefix_path.sh
[0.508s] -- Installing: /ros_ws/install/robot_description/share/robot_description/environment/ament_prefix_path.dsv
[0.508s] -- Installing: /ros_ws/install/robot_description/share/robot_description/environment/path.sh
[0.508s] -- Installing: /ros_ws/install/robot_description/share/robot_description/environment/path.dsv
[0.508s] -- Installing: /ros_ws/install/robot_description/share/robot_description/local_setup.bash
[0.508s] -- Installing: /ros_ws/install/robot_description/share/robot_description/local_setup.sh
[0.508s] -- Installing: /ros_ws/install/robot_description/share/robot_description/local_setup.zsh
[0.508s] -- Installing: /ros_ws/install/robot_description/share/robot_description/local_setup.dsv
[0.508s] -- Installing: /ros_ws/install/robot_description/share/robot_description/package.dsv
[0.508s] -- Installing: /ros_ws/install/robot_description/share/ament_index/resource_index/packages/robot_description
[0.508s] -- Installing: /ros_ws/install/robot_description/share/robot_description/cmake/robot_descriptionConfig.cmake
[0.508s] -- Installing: /ros_ws/install/robot_description/share/robot_description/cmake/robot_descriptionConfig-version.cmake
[0.508s] -- Installing: /ros_ws/install/robot_description/share/robot_description/package.xml
[0.509s] Invoked command in '/ros_ws/build/robot_description' returned '0': CMAKE_PREFIX_PATH=/opt/ros/humble /usr/bin/cmake --install /ros_ws/build/robot_description
