-- Install configuration: ""
-- Up-to-date: /ros_ws/install/robot_description/share/robot_description/description
-- Up-to-date: /ros_ws/install/robot_description/share/robot_description/description/robot.urdf.xacro
-- Installing: /ros_ws/install/robot_description/share/robot_description/description/robot_core.xacro
-- Up-to-date: /ros_ws/install/robot_description/share/robot_description/description/inertia_macros.xacro
-- Up-to-date: /ros_ws/install/robot_description/share/robot_description/launch
-- Up-to-date: /ros_ws/install/robot_description/share/robot_description/launch/sim.launch.py
-- Up-to-date: /ros_ws/install/robot_description/share/robot_description/launch/display.launch.py
-- Up-to-date: /ros_ws/install/robot_description/share/robot_description/rviz
-- Up-to-date: /ros_ws/install/robot_description/share/robot_description/rviz/rviz.rviz
-- Up-to-date: /ros_ws/install/robot_description/share/ament_index/resource_index/package_run_dependencies/robot_description
-- Up-to-date: /ros_ws/install/robot_description/share/ament_index/resource_index/parent_prefix_path/robot_description
-- Up-to-date: /ros_ws/install/robot_description/share/robot_description/environment/ament_prefix_path.sh
-- Up-to-date: /ros_ws/install/robot_description/share/robot_description/environment/ament_prefix_path.dsv
-- Up-to-date: /ros_ws/install/robot_description/share/robot_description/environment/path.sh
-- Up-to-date: /ros_ws/install/robot_description/share/robot_description/environment/path.dsv
-- Up-to-date: /ros_ws/install/robot_description/share/robot_description/local_setup.bash
-- Up-to-date: /ros_ws/install/robot_description/share/robot_description/local_setup.sh
-- Up-to-date: /ros_ws/install/robot_description/share/robot_description/local_setup.zsh
-- Up-to-date: /ros_ws/install/robot_description/share/robot_description/local_setup.dsv
-- Up-to-date: /ros_ws/install/robot_description/share/robot_description/package.dsv
-- Up-to-date: /ros_ws/install/robot_description/share/ament_index/resource_index/packages/robot_description
-- Up-to-date: /ros_ws/install/robot_description/share/robot_description/cmake/robot_descriptionConfig.cmake
-- Up-to-date: /ros_ws/install/robot_description/share/robot_description/cmake/robot_descriptionConfig-version.cmake
-- Up-to-date: /ros_ws/install/robot_description/share/robot_description/package.xml
