[0.005s] Invoking command in '/ros_ws/build/robot_description': CMAKE_PREFIX_PATH=${CMAKE_PREFIX_PATH}:/opt/ros/humble /usr/bin/cmake /ros_ws/src/robot_description -DCMAKE_INSTALL_PREFIX=/ros_ws/install/robot_description
[0.045s] -- The C compiler identification is GNU 11.4.0
[0.079s] -- The CXX compiler identification is GNU 11.4.0
[0.083s] -- Detecting C compiler ABI info
[0.122s] -- Detecting C compiler ABI info - done
[0.129s] -- Check for working C compiler: /usr/bin/cc - skipped
[0.129s] -- Detecting C compile features
[0.130s] -- Detecting C compile features - done
[0.132s] -- Detecting CXX compiler ABI info
[0.181s] -- Detecting CXX compiler ABI info - done
[0.186s] -- Check for working CXX compiler: /usr/bin/c++ - skipped
[0.186s] -- Detecting CXX compile features
[0.187s] -- Detecting CXX compile features - done
[0.188s] -- Found ament_cmake: 1.3.9 (/opt/ros/humble/share/ament_cmake/cmake)
[0.283s] -- Found Python3: /usr/bin/python3 (found version "3.10.12") found components: Interpreter 
[0.337s] -- Found ament_lint_auto: 0.12.11 (/opt/ros/humble/share/ament_lint_auto/cmake)
[0.384s] -- Added test 'flake8' to check Python code syntax and style conventions
[0.385s] -- Added test 'lint_cmake' to check CMake code style
[0.385s] -- Added test 'pep257' to check Python code against some of the docstring style conventions in PEP 257
[0.385s] -- Added test 'xmllint' to check XML markup files
[0.386s] -- Configuring done
[0.387s] -- Generating done
[0.388s] -- Build files have been written to: /ros_ws/build/robot_description
[0.392s] Invoked command in '/ros_ws/build/robot_description' returned '0': CMAKE_PREFIX_PATH=${CMAKE_PREFIX_PATH}:/opt/ros/humble /usr/bin/cmake /ros_ws/src/robot_description -DCMAKE_INSTALL_PREFIX=/ros_ws/install/robot_description
[0.393s] Invoking command in '/ros_ws/build/robot_description': CMAKE_PREFIX_PATH=${CMAKE_PREFIX_PATH}:/opt/ros/humble /usr/bin/cmake --build /ros_ws/build/robot_description -- -j20 -l20
[0.415s] Invoked command in '/ros_ws/build/robot_description' returned '0': CMAKE_PREFIX_PATH=${CMAKE_PREFIX_PATH}:/opt/ros/humble /usr/bin/cmake --build /ros_ws/build/robot_description -- -j20 -l20
[0.433s] Invoking command in '/ros_ws/build/robot_description': CMAKE_PREFIX_PATH=${CMAKE_PREFIX_PATH}:/opt/ros/humble /usr/bin/cmake --install /ros_ws/build/robot_description
[0.438s] -- Install configuration: ""
[0.438s] -- Installing: /ros_ws/install/robot_description/share/robot_description/description
[0.438s] -- Installing: /ros_ws/install/robot_description/share/robot_description/description/robot.urdf.xacro
[0.438s] -- Installing: /ros_ws/install/robot_description/share/robot_description/description/robot_core.xacro
[0.438s] -- Installing: /ros_ws/install/robot_description/share/robot_description/description/inertia_macros.xacro
[0.438s] -- Installing: /ros_ws/install/robot_description/share/robot_description/launch
[0.438s] -- Installing: /ros_ws/install/robot_description/share/robot_description/launch/sim.launch.py
[0.438s] -- Installing: /ros_ws/install/robot_description/share/robot_description/launch/display.launch.py
[0.438s] -- Installing: /ros_ws/install/robot_description/share/robot_description/rviz
[0.439s] -- Installing: /ros_ws/install/robot_description/share/robot_description/rviz/rviz.rviz
[0.439s] -- Installing: /ros_ws/install/robot_description/share/ament_index/resource_index/package_run_dependencies/robot_description
[0.439s] -- Installing: /ros_ws/install/robot_description/share/ament_index/resource_index/parent_prefix_path/robot_description
[0.440s] -- Installing: /ros_ws/install/robot_description/share/robot_description/environment/ament_prefix_path.sh
[0.440s] -- Installing: /ros_ws/install/robot_description/share/robot_description/environment/ament_prefix_path.dsv
[0.440s] -- Installing: /ros_ws/install/robot_description/share/robot_description/environment/path.sh
[0.440s] -- Installing: /ros_ws/install/robot_description/share/robot_description/environment/path.dsv
[0.440s] -- Installing: /ros_ws/install/robot_description/share/robot_description/local_setup.bash
[0.440s] -- Installing: /ros_ws/install/robot_description/share/robot_description/local_setup.sh
[0.440s] -- Installing: /ros_ws/install/robot_description/share/robot_description/local_setup.zsh
[0.440s] -- Installing: /ros_ws/install/robot_description/share/robot_description/local_setup.dsv
[0.441s] -- Installing: /ros_ws/install/robot_description/share/robot_description/package.dsv
[0.441s] -- Installing: /ros_ws/install/robot_description/share/ament_index/resource_index/packages/robot_description
[0.441s] -- Installing: /ros_ws/install/robot_description/share/robot_description/cmake/robot_descriptionConfig.cmake
[0.441s] -- Installing: /ros_ws/install/robot_description/share/robot_description/cmake/robot_descriptionConfig-version.cmake
[0.441s] -- Installing: /ros_ws/install/robot_description/share/robot_description/package.xml
[0.448s] Invoked command in '/ros_ws/build/robot_description' returned '0': CMAKE_PREFIX_PATH=${CMAKE_PREFIX_PATH}:/opt/ros/humble /usr/bin/cmake --install /ros_ws/build/robot_description
