[0.054s] DEBUG:colcon:Command line arguments: ['/usr/bin/colcon', 'build']
[0.054s] DEBUG:colcon:Parsed command line arguments: Namespace(log_base=None, log_level=None, verb_name='build', build_base='build', install_base='install', merge_install=False, symlink_install=False, test_result_base=None, continue_on_error=False, executor='parallel', parallel_workers=20, event_handlers=None, ignore_user_meta=False, metas=['./colcon.meta'], base_paths=['.'], packages_ignore=None, packages_ignore_regex=None, paths=None, packages_up_to=None, packages_up_to_regex=None, packages_above=None, packages_above_and_dependencies=None, packages_above_depth=None, packages_select_by_dep=None, packages_skip_by_dep=None, packages_skip_up_to=None, packages_select_build_failed=False, packages_skip_build_finished=False, packages_select_test_failures=False, packages_skip_test_passed=False, packages_select=None, packages_skip=None, packages_select_regex=None, packages_skip_regex=None, packages_start=None, packages_end=None, allow_overriding=[], cmake_args=None, cmake_target=None, cmake_target_skip_unavailable=False, cmake_clean_cache=False, cmake_clean_first=False, cmake_force_configure=False, ament_cmake_args=None, catkin_cmake_args=None, catkin_skip_building_tests=False, verb_parser=<colcon_defaults.argument_parser.defaults.DefaultArgumentsDecorator object at 0x7668f5b606a0>, verb_extension=<colcon_core.verb.build.BuildVerb object at 0x7668f5cfd2a0>, main=<bound method BuildVerb.main of <colcon_core.verb.build.BuildVerb object at 0x7668f5cfd2a0>>)
[0.141s] Level 1:colcon.colcon_core.package_discovery:discover_packages(colcon_meta) check parameters
[0.141s] Level 1:colcon.colcon_core.package_discovery:discover_packages(recursive) check parameters
[0.141s] Level 1:colcon.colcon_core.package_discovery:discover_packages(ignore) check parameters
[0.141s] Level 1:colcon.colcon_core.package_discovery:discover_packages(path) check parameters
[0.141s] Level 1:colcon.colcon_core.package_discovery:discover_packages(colcon_meta) discover
[0.141s] Level 1:colcon.colcon_core.package_discovery:discover_packages(recursive) discover
[0.141s] INFO:colcon.colcon_core.package_discovery:Crawling recursively for packages in '/ros_ws'
[0.141s] Level 1:colcon.colcon_core.package_identification:_identify(.) by extensions ['ignore', 'ignore_ament_install']
[0.141s] Level 1:colcon.colcon_core.package_identification:_identify(.) by extension 'ignore'
[0.141s] Level 1:colcon.colcon_core.package_identification:_identify(.) by extension 'ignore_ament_install'
[0.141s] Level 1:colcon.colcon_core.package_identification:_identify(.) by extensions ['colcon_pkg']
[0.141s] Level 1:colcon.colcon_core.package_identification:_identify(.) by extension 'colcon_pkg'
[0.141s] Level 1:colcon.colcon_core.package_identification:_identify(.) by extensions ['colcon_meta']
[0.141s] Level 1:colcon.colcon_core.package_identification:_identify(.) by extension 'colcon_meta'
[0.141s] Level 1:colcon.colcon_core.package_identification:_identify(.) by extensions ['ros']
[0.141s] Level 1:colcon.colcon_core.package_identification:_identify(.) by extension 'ros'
[0.148s] Level 1:colcon.colcon_core.package_identification:_identify(.) by extensions ['cmake', 'python']
[0.148s] Level 1:colcon.colcon_core.package_identification:_identify(.) by extension 'cmake'
[0.148s] Level 1:colcon.colcon_core.package_identification:_identify(.) by extension 'python'
[0.148s] Level 1:colcon.colcon_core.package_identification:_identify(.) by extensions ['python_setup_py']
[0.148s] Level 1:colcon.colcon_core.package_identification:_identify(.) by extension 'python_setup_py'
[0.148s] Level 1:colcon.colcon_core.package_identification:_identify(build) by extensions ['ignore', 'ignore_ament_install']
[0.148s] Level 1:colcon.colcon_core.package_identification:_identify(build) by extension 'ignore'
[0.148s] Level 1:colcon.colcon_core.package_identification:_identify(build) ignored
[0.148s] Level 1:colcon.colcon_core.package_identification:_identify(install) by extensions ['ignore', 'ignore_ament_install']
[0.148s] Level 1:colcon.colcon_core.package_identification:_identify(install) by extension 'ignore'
[0.148s] Level 1:colcon.colcon_core.package_identification:_identify(install) ignored
[0.148s] Level 1:colcon.colcon_core.package_identification:_identify(log) by extensions ['ignore', 'ignore_ament_install']
[0.148s] Level 1:colcon.colcon_core.package_identification:_identify(log) by extension 'ignore'
[0.148s] Level 1:colcon.colcon_core.package_identification:_identify(log) ignored
[0.148s] Level 1:colcon.colcon_core.package_identification:_identify(src) by extensions ['ignore', 'ignore_ament_install']
[0.148s] Level 1:colcon.colcon_core.package_identification:_identify(src) by extension 'ignore'
[0.148s] Level 1:colcon.colcon_core.package_identification:_identify(src) by extension 'ignore_ament_install'
[0.148s] Level 1:colcon.colcon_core.package_identification:_identify(src) by extensions ['colcon_pkg']
[0.148s] Level 1:colcon.colcon_core.package_identification:_identify(src) by extension 'colcon_pkg'
[0.148s] Level 1:colcon.colcon_core.package_identification:_identify(src) by extensions ['colcon_meta']
[0.148s] Level 1:colcon.colcon_core.package_identification:_identify(src) by extension 'colcon_meta'
[0.148s] Level 1:colcon.colcon_core.package_identification:_identify(src) by extensions ['ros']
[0.148s] Level 1:colcon.colcon_core.package_identification:_identify(src) by extension 'ros'
[0.148s] Level 1:colcon.colcon_core.package_identification:_identify(src) by extensions ['cmake', 'python']
[0.148s] Level 1:colcon.colcon_core.package_identification:_identify(src) by extension 'cmake'
[0.148s] Level 1:colcon.colcon_core.package_identification:_identify(src) by extension 'python'
[0.148s] Level 1:colcon.colcon_core.package_identification:_identify(src) by extensions ['python_setup_py']
[0.148s] Level 1:colcon.colcon_core.package_identification:_identify(src) by extension 'python_setup_py'
[0.149s] Level 1:colcon.colcon_core.package_identification:_identify(src/robot_bringup) by extensions ['ignore', 'ignore_ament_install']
[0.149s] Level 1:colcon.colcon_core.package_identification:_identify(src/robot_bringup) by extension 'ignore'
[0.149s] Level 1:colcon.colcon_core.package_identification:_identify(src/robot_bringup) by extension 'ignore_ament_install'
[0.149s] Level 1:colcon.colcon_core.package_identification:_identify(src/robot_bringup) by extensions ['colcon_pkg']
[0.149s] Level 1:colcon.colcon_core.package_identification:_identify(src/robot_bringup) by extension 'colcon_pkg'
[0.149s] Level 1:colcon.colcon_core.package_identification:_identify(src/robot_bringup) by extensions ['colcon_meta']
[0.149s] Level 1:colcon.colcon_core.package_identification:_identify(src/robot_bringup) by extension 'colcon_meta'
[0.149s] Level 1:colcon.colcon_core.package_identification:_identify(src/robot_bringup) by extensions ['ros']
[0.149s] Level 1:colcon.colcon_core.package_identification:_identify(src/robot_bringup) by extension 'ros'
[0.150s] DEBUG:colcon.colcon_core.package_identification:Package 'src/robot_bringup' with type 'ros.ament_cmake' and name 'robot_bringup'
[0.150s] Level 1:colcon.colcon_core.package_identification:_identify(src/robot_control) by extensions ['ignore', 'ignore_ament_install']
[0.150s] Level 1:colcon.colcon_core.package_identification:_identify(src/robot_control) by extension 'ignore'
[0.150s] Level 1:colcon.colcon_core.package_identification:_identify(src/robot_control) by extension 'ignore_ament_install'
[0.150s] Level 1:colcon.colcon_core.package_identification:_identify(src/robot_control) by extensions ['colcon_pkg']
[0.150s] Level 1:colcon.colcon_core.package_identification:_identify(src/robot_control) by extension 'colcon_pkg'
[0.150s] Level 1:colcon.colcon_core.package_identification:_identify(src/robot_control) by extensions ['colcon_meta']
[0.150s] Level 1:colcon.colcon_core.package_identification:_identify(src/robot_control) by extension 'colcon_meta'
[0.150s] Level 1:colcon.colcon_core.package_identification:_identify(src/robot_control) by extensions ['ros']
[0.150s] Level 1:colcon.colcon_core.package_identification:_identify(src/robot_control) by extension 'ros'
[0.151s] DEBUG:colcon.colcon_core.package_identification:Package 'src/robot_control' with type 'ros.ament_python' and name 'robot_control'
[0.151s] Level 1:colcon.colcon_core.package_identification:_identify(src/robot_description) by extensions ['ignore', 'ignore_ament_install']
[0.151s] Level 1:colcon.colcon_core.package_identification:_identify(src/robot_description) by extension 'ignore'
[0.151s] Level 1:colcon.colcon_core.package_identification:_identify(src/robot_description) by extension 'ignore_ament_install'
[0.151s] Level 1:colcon.colcon_core.package_identification:_identify(src/robot_description) by extensions ['colcon_pkg']
[0.151s] Level 1:colcon.colcon_core.package_identification:_identify(src/robot_description) by extension 'colcon_pkg'
[0.151s] Level 1:colcon.colcon_core.package_identification:_identify(src/robot_description) by extensions ['colcon_meta']
[0.151s] Level 1:colcon.colcon_core.package_identification:_identify(src/robot_description) by extension 'colcon_meta'
[0.151s] Level 1:colcon.colcon_core.package_identification:_identify(src/robot_description) by extensions ['ros']
[0.151s] Level 1:colcon.colcon_core.package_identification:_identify(src/robot_description) by extension 'ros'
[0.151s] DEBUG:colcon.colcon_core.package_identification:Package 'src/robot_description' with type 'ros.ament_cmake' and name 'robot_description'
[0.151s] Level 1:colcon.colcon_core.package_discovery:discover_packages(recursive) using defaults
[0.151s] Level 1:colcon.colcon_core.package_discovery:discover_packages(ignore) discover
[0.151s] Level 1:colcon.colcon_core.package_discovery:discover_packages(ignore) using defaults
[0.151s] Level 1:colcon.colcon_core.package_discovery:discover_packages(path) discover
[0.151s] Level 1:colcon.colcon_core.package_discovery:discover_packages(path) using defaults
[0.162s] Level 1:colcon.colcon_core.package_discovery:discover_packages(prefix_path) check parameters
[0.162s] Level 1:colcon.colcon_core.package_discovery:discover_packages(prefix_path) discover
[0.163s] WARNING:colcon.colcon_ros.prefix_path.ament:The path '/ros_ws/install/robot_description' in the environment variable AMENT_PREFIX_PATH doesn't exist
[0.163s] WARNING:colcon.colcon_ros.prefix_path.ament:The path '/ros_ws/install/robot_control' in the environment variable AMENT_PREFIX_PATH doesn't exist
[0.163s] WARNING:colcon.colcon_ros.prefix_path.ament:The path '/ros_ws/install/robot_bringup' in the environment variable AMENT_PREFIX_PATH doesn't exist
[0.163s] WARNING:colcon.colcon_ros.prefix_path.catkin:The path '/ros_ws/install/robot_description' in the environment variable CMAKE_PREFIX_PATH doesn't exist
[0.163s] WARNING:colcon.colcon_ros.prefix_path.catkin:The path '/ros_ws/install/robot_bringup' in the environment variable CMAKE_PREFIX_PATH doesn't exist
[0.163s] DEBUG:colcon.colcon_installed_package_information.package_discovery:Found 0 installed packages in /ros_ws/install
[0.164s] DEBUG:colcon.colcon_installed_package_information.package_discovery:Found 337 installed packages in /opt/ros/humble
[0.165s] Level 1:colcon.colcon_core.package_discovery:discover_packages(prefix_path) using defaults
[0.192s] Level 5:colcon.colcon_core.verb:set package 'robot_bringup' build argument 'cmake_args' from command line to 'None'
[0.192s] Level 5:colcon.colcon_core.verb:set package 'robot_bringup' build argument 'cmake_target' from command line to 'None'
[0.192s] Level 5:colcon.colcon_core.verb:set package 'robot_bringup' build argument 'cmake_target_skip_unavailable' from command line to 'False'
[0.192s] Level 5:colcon.colcon_core.verb:set package 'robot_bringup' build argument 'cmake_clean_cache' from command line to 'False'
[0.192s] Level 5:colcon.colcon_core.verb:set package 'robot_bringup' build argument 'cmake_clean_first' from command line to 'False'
[0.192s] Level 5:colcon.colcon_core.verb:set package 'robot_bringup' build argument 'cmake_force_configure' from command line to 'False'
[0.192s] Level 5:colcon.colcon_core.verb:set package 'robot_bringup' build argument 'ament_cmake_args' from command line to 'None'
[0.192s] Level 5:colcon.colcon_core.verb:set package 'robot_bringup' build argument 'catkin_cmake_args' from command line to 'None'
[0.192s] Level 5:colcon.colcon_core.verb:set package 'robot_bringup' build argument 'catkin_skip_building_tests' from command line to 'False'
[0.192s] DEBUG:colcon.colcon_core.verb:Building package 'robot_bringup' with the following arguments: {'ament_cmake_args': None, 'build_base': '/ros_ws/build/robot_bringup', 'catkin_cmake_args': None, 'catkin_skip_building_tests': False, 'cmake_args': None, 'cmake_clean_cache': False, 'cmake_clean_first': False, 'cmake_force_configure': False, 'cmake_target': None, 'cmake_target_skip_unavailable': False, 'install_base': '/ros_ws/install/robot_bringup', 'merge_install': False, 'path': '/ros_ws/src/robot_bringup', 'symlink_install': False, 'test_result_base': None}
[0.192s] Level 5:colcon.colcon_core.verb:set package 'robot_control' build argument 'cmake_args' from command line to 'None'
[0.192s] Level 5:colcon.colcon_core.verb:set package 'robot_control' build argument 'cmake_target' from command line to 'None'
[0.192s] Level 5:colcon.colcon_core.verb:set package 'robot_control' build argument 'cmake_target_skip_unavailable' from command line to 'False'
[0.192s] Level 5:colcon.colcon_core.verb:set package 'robot_control' build argument 'cmake_clean_cache' from command line to 'False'
[0.192s] Level 5:colcon.colcon_core.verb:set package 'robot_control' build argument 'cmake_clean_first' from command line to 'False'
[0.192s] Level 5:colcon.colcon_core.verb:set package 'robot_control' build argument 'cmake_force_configure' from command line to 'False'
[0.192s] Level 5:colcon.colcon_core.verb:set package 'robot_control' build argument 'ament_cmake_args' from command line to 'None'
[0.192s] Level 5:colcon.colcon_core.verb:set package 'robot_control' build argument 'catkin_cmake_args' from command line to 'None'
[0.192s] Level 5:colcon.colcon_core.verb:set package 'robot_control' build argument 'catkin_skip_building_tests' from command line to 'False'
[0.192s] DEBUG:colcon.colcon_core.verb:Building package 'robot_control' with the following arguments: {'ament_cmake_args': None, 'build_base': '/ros_ws/build/robot_control', 'catkin_cmake_args': None, 'catkin_skip_building_tests': False, 'cmake_args': None, 'cmake_clean_cache': False, 'cmake_clean_first': False, 'cmake_force_configure': False, 'cmake_target': None, 'cmake_target_skip_unavailable': False, 'install_base': '/ros_ws/install/robot_control', 'merge_install': False, 'path': '/ros_ws/src/robot_control', 'symlink_install': False, 'test_result_base': None}
[0.192s] Level 5:colcon.colcon_core.verb:set package 'robot_description' build argument 'cmake_args' from command line to 'None'
[0.192s] Level 5:colcon.colcon_core.verb:set package 'robot_description' build argument 'cmake_target' from command line to 'None'
[0.192s] Level 5:colcon.colcon_core.verb:set package 'robot_description' build argument 'cmake_target_skip_unavailable' from command line to 'False'
[0.192s] Level 5:colcon.colcon_core.verb:set package 'robot_description' build argument 'cmake_clean_cache' from command line to 'False'
[0.192s] Level 5:colcon.colcon_core.verb:set package 'robot_description' build argument 'cmake_clean_first' from command line to 'False'
[0.192s] Level 5:colcon.colcon_core.verb:set package 'robot_description' build argument 'cmake_force_configure' from command line to 'False'
[0.192s] Level 5:colcon.colcon_core.verb:set package 'robot_description' build argument 'ament_cmake_args' from command line to 'None'
[0.192s] Level 5:colcon.colcon_core.verb:set package 'robot_description' build argument 'catkin_cmake_args' from command line to 'None'
[0.192s] Level 5:colcon.colcon_core.verb:set package 'robot_description' build argument 'catkin_skip_building_tests' from command line to 'False'
[0.192s] DEBUG:colcon.colcon_core.verb:Building package 'robot_description' with the following arguments: {'ament_cmake_args': None, 'build_base': '/ros_ws/build/robot_description', 'catkin_cmake_args': None, 'catkin_skip_building_tests': False, 'cmake_args': None, 'cmake_clean_cache': False, 'cmake_clean_first': False, 'cmake_force_configure': False, 'cmake_target': None, 'cmake_target_skip_unavailable': False, 'install_base': '/ros_ws/install/robot_description', 'merge_install': False, 'path': '/ros_ws/src/robot_description', 'symlink_install': False, 'test_result_base': None}
[0.193s] INFO:colcon.colcon_core.executor:Executing jobs using 'parallel' executor
[0.193s] DEBUG:colcon.colcon_parallel_executor.executor.parallel:run_until_complete
[0.193s] INFO:colcon.colcon_ros.task.ament_cmake.build:Building ROS package in '/ros_ws/src/robot_bringup' with build type 'ament_cmake'
[0.193s] INFO:colcon.colcon_cmake.task.cmake.build:Building CMake package in '/ros_ws/src/robot_bringup'
[0.195s] INFO:colcon.colcon_core.plugin_system:Skipping extension 'colcon_core.shell.bat': Not used on non-Windows systems
[0.195s] INFO:colcon.colcon_core.shell:Skip shell extension 'powershell' for command environment: Not usable outside of PowerShell
[0.195s] DEBUG:colcon.colcon_core.shell:Skip shell extension 'dsv' for command environment
[0.197s] INFO:colcon.colcon_ros.task.ament_python.build:Building ROS package in '/ros_ws/src/robot_control' with build type 'ament_python'
[0.197s] Level 1:colcon.colcon_core.shell:create_environment_hook('robot_control', 'ament_prefix_path')
[0.197s] INFO:colcon.colcon_core.shell:Creating environment hook '/ros_ws/install/robot_control/share/robot_control/hook/ament_prefix_path.ps1'
[0.198s] INFO:colcon.colcon_core.shell:Creating environment descriptor '/ros_ws/install/robot_control/share/robot_control/hook/ament_prefix_path.dsv'
[0.198s] INFO:colcon.colcon_core.shell:Creating environment hook '/ros_ws/install/robot_control/share/robot_control/hook/ament_prefix_path.sh'
[0.198s] INFO:colcon.colcon_core.shell:Skip shell extension 'powershell' for command environment: Not usable outside of PowerShell
[0.198s] DEBUG:colcon.colcon_core.shell:Skip shell extension 'dsv' for command environment
[0.200s] INFO:colcon.colcon_ros.task.ament_cmake.build:Building ROS package in '/ros_ws/src/robot_description' with build type 'ament_cmake'
[0.200s] INFO:colcon.colcon_cmake.task.cmake.build:Building CMake package in '/ros_ws/src/robot_description'
[0.200s] INFO:colcon.colcon_core.shell:Skip shell extension 'powershell' for command environment: Not usable outside of PowerShell
[0.200s] DEBUG:colcon.colcon_core.shell:Skip shell extension 'dsv' for command environment
[0.204s] DEBUG:colcon.colcon_core.event_handler.log_command:Invoking command in '/ros_ws/build/robot_bringup': CMAKE_PREFIX_PATH=${CMAKE_PREFIX_PATH}:/ros_ws/install/robot_control:/opt/ros/humble /usr/bin/cmake /ros_ws/src/robot_bringup -DCMAKE_INSTALL_PREFIX=/ros_ws/install/robot_bringup
[0.353s] INFO:colcon.colcon_core.task.python.build:Building Python package in '/ros_ws/src/robot_control'
[0.354s] INFO:colcon.colcon_core.shell:Skip shell extension 'powershell' for command environment: Not usable outside of PowerShell
[0.354s] DEBUG:colcon.colcon_core.shell:Skip shell extension 'dsv' for command environment
[0.360s] DEBUG:colcon.colcon_core.event_handler.log_command:Invoking command in '/ros_ws/build/robot_description': CMAKE_PREFIX_PATH=${CMAKE_PREFIX_PATH}:/ros_ws/install/robot_control:/opt/ros/humble /usr/bin/cmake /ros_ws/src/robot_description -DCMAKE_INSTALL_PREFIX=/ros_ws/install/robot_description
[0.576s] DEBUG:colcon.colcon_core.event_handler.log_command:Invoking command in '/ros_ws/src/robot_control': PYTHONPATH=/ros_ws/build/robot_control/prefix_override:/usr/lib/python3/dist-packages/colcon_core/task/python/colcon_distutils_commands:/ros_ws/install/robot_control/lib/python3.10/site-packages:${PYTHONPATH} /usr/bin/python3 -W ignore:setup.py install is deprecated setup.py egg_info --egg-base ../../build/robot_control build --build-base /ros_ws/build/robot_control/build install --record /ros_ws/build/robot_control/install.log --single-version-externally-managed install_data
[0.601s] DEBUG:colcon.colcon_core.event_handler.log_command:Invoked command in '/ros_ws/build/robot_bringup' returned '0': CMAKE_PREFIX_PATH=${CMAKE_PREFIX_PATH}:/ros_ws/install/robot_control:/opt/ros/humble /usr/bin/cmake /ros_ws/src/robot_bringup -DCMAKE_INSTALL_PREFIX=/ros_ws/install/robot_bringup
[0.602s] DEBUG:colcon.colcon_core.event_handler.log_command:Invoking command in '/ros_ws/build/robot_bringup': CMAKE_PREFIX_PATH=${CMAKE_PREFIX_PATH}:/ros_ws/install/robot_control:/opt/ros/humble /usr/bin/cmake --build /ros_ws/build/robot_bringup -- -j20 -l20
[0.624s] DEBUG:colcon.colcon_core.event_handler.log_command:Invoked command in '/ros_ws/build/robot_bringup' returned '0': CMAKE_PREFIX_PATH=${CMAKE_PREFIX_PATH}:/ros_ws/install/robot_control:/opt/ros/humble /usr/bin/cmake --build /ros_ws/build/robot_bringup -- -j20 -l20
[0.645s] DEBUG:colcon.colcon_core.event_handler.log_command:Invoking command in '/ros_ws/build/robot_bringup': CMAKE_PREFIX_PATH=${CMAKE_PREFIX_PATH}:/ros_ws/install/robot_control:/opt/ros/humble /usr/bin/cmake --install /ros_ws/build/robot_bringup
[0.653s] Level 1:colcon.colcon_core.environment:create_environment_scripts_only(robot_bringup)
[0.653s] DEBUG:colcon.colcon_core.event_handler.log_command:Invoked command in '/ros_ws/build/robot_bringup' returned '0': CMAKE_PREFIX_PATH=${CMAKE_PREFIX_PATH}:/ros_ws/install/robot_control:/opt/ros/humble /usr/bin/cmake --install /ros_ws/build/robot_bringup
[0.655s] Level 1:colcon.colcon_core.environment:checking '/ros_ws/install/robot_bringup' for CMake module files
[0.656s] Level 1:colcon.colcon_core.environment:checking '/ros_ws/install/robot_bringup' for CMake config files
[0.656s] Level 1:colcon.colcon_core.shell:create_environment_hook('robot_bringup', 'cmake_prefix_path')
[0.656s] INFO:colcon.colcon_core.shell:Creating environment hook '/ros_ws/install/robot_bringup/share/robot_bringup/hook/cmake_prefix_path.ps1'
[0.656s] INFO:colcon.colcon_core.shell:Creating environment descriptor '/ros_ws/install/robot_bringup/share/robot_bringup/hook/cmake_prefix_path.dsv'
[0.656s] INFO:colcon.colcon_core.shell:Creating environment hook '/ros_ws/install/robot_bringup/share/robot_bringup/hook/cmake_prefix_path.sh'
[0.657s] Level 1:colcon.colcon_core.environment:checking '/ros_ws/install/robot_bringup/bin'
[0.657s] Level 1:colcon.colcon_core.environment:checking '/ros_ws/install/robot_bringup/lib/pkgconfig/robot_bringup.pc'
[0.657s] Level 1:colcon.colcon_core.environment:checking '/ros_ws/install/robot_bringup/lib/python3.10/site-packages'
[0.657s] Level 1:colcon.colcon_core.environment:checking '/ros_ws/install/robot_bringup/bin'
[0.657s] INFO:colcon.colcon_core.shell:Creating package script '/ros_ws/install/robot_bringup/share/robot_bringup/package.ps1'
[0.658s] INFO:colcon.colcon_core.shell:Creating package descriptor '/ros_ws/install/robot_bringup/share/robot_bringup/package.dsv'
[0.658s] INFO:colcon.colcon_core.shell:Creating package script '/ros_ws/install/robot_bringup/share/robot_bringup/package.sh'
[0.658s] INFO:colcon.colcon_core.shell:Creating package script '/ros_ws/install/robot_bringup/share/robot_bringup/package.bash'
[0.659s] INFO:colcon.colcon_core.shell:Creating package script '/ros_ws/install/robot_bringup/share/robot_bringup/package.zsh'
[0.659s] Level 1:colcon.colcon_core.environment:create_file_with_runtime_dependencies(/ros_ws/install/robot_bringup/share/colcon-core/packages/robot_bringup)
[0.673s] Level 1:colcon.colcon_core.environment:create_environment_scripts_only(robot_bringup)
[0.673s] Level 1:colcon.colcon_core.environment:checking '/ros_ws/install/robot_bringup' for CMake module files
[0.674s] Level 1:colcon.colcon_core.environment:checking '/ros_ws/install/robot_bringup' for CMake config files
[0.674s] Level 1:colcon.colcon_core.shell:create_environment_hook('robot_bringup', 'cmake_prefix_path')
[0.674s] INFO:colcon.colcon_core.shell:Creating environment hook '/ros_ws/install/robot_bringup/share/robot_bringup/hook/cmake_prefix_path.ps1'
[0.675s] INFO:colcon.colcon_core.shell:Creating environment descriptor '/ros_ws/install/robot_bringup/share/robot_bringup/hook/cmake_prefix_path.dsv'
[0.675s] INFO:colcon.colcon_core.shell:Creating environment hook '/ros_ws/install/robot_bringup/share/robot_bringup/hook/cmake_prefix_path.sh'
[0.676s] Level 1:colcon.colcon_core.environment:checking '/ros_ws/install/robot_bringup/bin'
[0.676s] Level 1:colcon.colcon_core.environment:checking '/ros_ws/install/robot_bringup/lib/pkgconfig/robot_bringup.pc'
[0.676s] Level 1:colcon.colcon_core.environment:checking '/ros_ws/install/robot_bringup/lib/python3.10/site-packages'
[0.676s] Level 1:colcon.colcon_core.environment:checking '/ros_ws/install/robot_bringup/bin'
[0.676s] INFO:colcon.colcon_core.shell:Creating package script '/ros_ws/install/robot_bringup/share/robot_bringup/package.ps1'
[0.677s] INFO:colcon.colcon_core.shell:Creating package descriptor '/ros_ws/install/robot_bringup/share/robot_bringup/package.dsv'
[0.677s] INFO:colcon.colcon_core.shell:Creating package script '/ros_ws/install/robot_bringup/share/robot_bringup/package.sh'
[0.678s] INFO:colcon.colcon_core.shell:Creating package script '/ros_ws/install/robot_bringup/share/robot_bringup/package.bash'
[0.678s] INFO:colcon.colcon_core.shell:Creating package script '/ros_ws/install/robot_bringup/share/robot_bringup/package.zsh'
[0.679s] Level 1:colcon.colcon_core.environment:create_file_with_runtime_dependencies(/ros_ws/install/robot_bringup/share/colcon-core/packages/robot_bringup)
[0.761s] Level 1:colcon.colcon_core.environment:checking '/ros_ws/install/robot_control' for CMake module files
[0.761s] DEBUG:colcon.colcon_core.event_handler.log_command:Invoked command in '/ros_ws/src/robot_control' returned '0': PYTHONPATH=/ros_ws/build/robot_control/prefix_override:/usr/lib/python3/dist-packages/colcon_core/task/python/colcon_distutils_commands:/ros_ws/install/robot_control/lib/python3.10/site-packages:${PYTHONPATH} /usr/bin/python3 -W ignore:setup.py install is deprecated setup.py egg_info --egg-base ../../build/robot_control build --build-base /ros_ws/build/robot_control/build install --record /ros_ws/build/robot_control/install.log --single-version-externally-managed install_data
[0.762s] Level 1:colcon.colcon_core.environment:checking '/ros_ws/install/robot_control' for CMake config files
[0.762s] Level 1:colcon.colcon_core.environment:checking '/ros_ws/install/robot_control/lib'
[0.762s] Level 1:colcon.colcon_core.environment:checking '/ros_ws/install/robot_control/bin'
[0.762s] Level 1:colcon.colcon_core.environment:checking '/ros_ws/install/robot_control/lib/pkgconfig/robot_control.pc'
[0.762s] Level 1:colcon.colcon_core.environment:checking '/ros_ws/install/robot_control/lib/python3.10/site-packages'
[0.762s] Level 1:colcon.colcon_core.shell:create_environment_hook('robot_control', 'pythonpath')
[0.763s] INFO:colcon.colcon_core.shell:Creating environment hook '/ros_ws/install/robot_control/share/robot_control/hook/pythonpath.ps1'
[0.763s] INFO:colcon.colcon_core.shell:Creating environment descriptor '/ros_ws/install/robot_control/share/robot_control/hook/pythonpath.dsv'
[0.763s] INFO:colcon.colcon_core.shell:Creating environment hook '/ros_ws/install/robot_control/share/robot_control/hook/pythonpath.sh'
[0.763s] Level 1:colcon.colcon_core.environment:checking '/ros_ws/install/robot_control/bin'
[0.763s] Level 1:colcon.colcon_core.environment:create_environment_scripts_only(robot_control)
[0.763s] INFO:colcon.colcon_core.shell:Creating package script '/ros_ws/install/robot_control/share/robot_control/package.ps1'
[0.764s] INFO:colcon.colcon_core.shell:Creating package descriptor '/ros_ws/install/robot_control/share/robot_control/package.dsv'
[0.764s] INFO:colcon.colcon_core.shell:Creating package script '/ros_ws/install/robot_control/share/robot_control/package.sh'
[0.764s] INFO:colcon.colcon_core.shell:Creating package script '/ros_ws/install/robot_control/share/robot_control/package.bash'
[0.765s] INFO:colcon.colcon_core.shell:Creating package script '/ros_ws/install/robot_control/share/robot_control/package.zsh'
[0.765s] Level 1:colcon.colcon_core.environment:create_file_with_runtime_dependencies(/ros_ws/install/robot_control/share/colcon-core/packages/robot_control)
[0.767s] DEBUG:colcon.colcon_core.event_handler.log_command:Invoked command in '/ros_ws/build/robot_description' returned '0': CMAKE_PREFIX_PATH=${CMAKE_PREFIX_PATH}:/ros_ws/install/robot_control:/opt/ros/humble /usr/bin/cmake /ros_ws/src/robot_description -DCMAKE_INSTALL_PREFIX=/ros_ws/install/robot_description
[0.767s] DEBUG:colcon.colcon_core.event_handler.log_command:Invoking command in '/ros_ws/build/robot_description': CMAKE_PREFIX_PATH=${CMAKE_PREFIX_PATH}:/ros_ws/install/robot_control:/opt/ros/humble /usr/bin/cmake --build /ros_ws/build/robot_description -- -j20 -l20
[0.791s] DEBUG:colcon.colcon_core.event_handler.log_command:Invoked command in '/ros_ws/build/robot_description' returned '0': CMAKE_PREFIX_PATH=${CMAKE_PREFIX_PATH}:/ros_ws/install/robot_control:/opt/ros/humble /usr/bin/cmake --build /ros_ws/build/robot_description -- -j20 -l20
[0.804s] DEBUG:colcon.colcon_core.event_handler.log_command:Invoking command in '/ros_ws/build/robot_description': CMAKE_PREFIX_PATH=${CMAKE_PREFIX_PATH}:/ros_ws/install/robot_control:/opt/ros/humble /usr/bin/cmake --install /ros_ws/build/robot_description
[0.810s] Level 1:colcon.colcon_core.environment:create_environment_scripts_only(robot_description)
[0.810s] DEBUG:colcon.colcon_core.event_handler.log_command:Invoked command in '/ros_ws/build/robot_description' returned '0': CMAKE_PREFIX_PATH=${CMAKE_PREFIX_PATH}:/ros_ws/install/robot_control:/opt/ros/humble /usr/bin/cmake --install /ros_ws/build/robot_description
[0.810s] Level 1:colcon.colcon_core.environment:checking '/ros_ws/install/robot_description' for CMake module files
[0.810s] Level 1:colcon.colcon_core.environment:checking '/ros_ws/install/robot_description' for CMake config files
[0.810s] Level 1:colcon.colcon_core.shell:create_environment_hook('robot_description', 'cmake_prefix_path')
[0.811s] INFO:colcon.colcon_core.shell:Creating environment hook '/ros_ws/install/robot_description/share/robot_description/hook/cmake_prefix_path.ps1'
[0.811s] INFO:colcon.colcon_core.shell:Creating environment descriptor '/ros_ws/install/robot_description/share/robot_description/hook/cmake_prefix_path.dsv'
[0.811s] INFO:colcon.colcon_core.shell:Creating environment hook '/ros_ws/install/robot_description/share/robot_description/hook/cmake_prefix_path.sh'
[0.811s] Level 1:colcon.colcon_core.environment:checking '/ros_ws/install/robot_description/bin'
[0.811s] Level 1:colcon.colcon_core.environment:checking '/ros_ws/install/robot_description/lib/pkgconfig/robot_description.pc'
[0.811s] Level 1:colcon.colcon_core.environment:checking '/ros_ws/install/robot_description/lib/python3.10/site-packages'
[0.812s] Level 1:colcon.colcon_core.environment:checking '/ros_ws/install/robot_description/bin'
[0.812s] INFO:colcon.colcon_core.shell:Creating package script '/ros_ws/install/robot_description/share/robot_description/package.ps1'
[0.812s] INFO:colcon.colcon_core.shell:Creating package descriptor '/ros_ws/install/robot_description/share/robot_description/package.dsv'
[0.812s] INFO:colcon.colcon_core.shell:Creating package script '/ros_ws/install/robot_description/share/robot_description/package.sh'
[0.812s] INFO:colcon.colcon_core.shell:Creating package script '/ros_ws/install/robot_description/share/robot_description/package.bash'
[0.812s] INFO:colcon.colcon_core.shell:Creating package script '/ros_ws/install/robot_description/share/robot_description/package.zsh'
[0.812s] Level 1:colcon.colcon_core.environment:create_file_with_runtime_dependencies(/ros_ws/install/robot_description/share/colcon-core/packages/robot_description)
[0.825s] Level 1:colcon.colcon_core.environment:create_environment_scripts_only(robot_description)
[0.826s] Level 1:colcon.colcon_core.environment:checking '/ros_ws/install/robot_description' for CMake module files
[0.826s] Level 1:colcon.colcon_core.environment:checking '/ros_ws/install/robot_description' for CMake config files
[0.826s] Level 1:colcon.colcon_core.shell:create_environment_hook('robot_description', 'cmake_prefix_path')
[0.827s] INFO:colcon.colcon_core.shell:Creating environment hook '/ros_ws/install/robot_description/share/robot_description/hook/cmake_prefix_path.ps1'
[0.827s] INFO:colcon.colcon_core.shell:Creating environment descriptor '/ros_ws/install/robot_description/share/robot_description/hook/cmake_prefix_path.dsv'
[0.827s] INFO:colcon.colcon_core.shell:Creating environment hook '/ros_ws/install/robot_description/share/robot_description/hook/cmake_prefix_path.sh'
[0.828s] Level 1:colcon.colcon_core.environment:checking '/ros_ws/install/robot_description/bin'
[0.828s] Level 1:colcon.colcon_core.environment:checking '/ros_ws/install/robot_description/lib/pkgconfig/robot_description.pc'
[0.828s] Level 1:colcon.colcon_core.environment:checking '/ros_ws/install/robot_description/lib/python3.10/site-packages'
[0.828s] Level 1:colcon.colcon_core.environment:checking '/ros_ws/install/robot_description/bin'
[0.828s] INFO:colcon.colcon_core.shell:Creating package script '/ros_ws/install/robot_description/share/robot_description/package.ps1'
[0.829s] INFO:colcon.colcon_core.shell:Creating package descriptor '/ros_ws/install/robot_description/share/robot_description/package.dsv'
[0.829s] INFO:colcon.colcon_core.shell:Creating package script '/ros_ws/install/robot_description/share/robot_description/package.sh'
[0.829s] INFO:colcon.colcon_core.shell:Creating package script '/ros_ws/install/robot_description/share/robot_description/package.bash'
[0.829s] INFO:colcon.colcon_core.shell:Creating package script '/ros_ws/install/robot_description/share/robot_description/package.zsh'
[0.829s] Level 1:colcon.colcon_core.environment:create_file_with_runtime_dependencies(/ros_ws/install/robot_description/share/colcon-core/packages/robot_description)
[0.830s] DEBUG:colcon.colcon_parallel_executor.executor.parallel:closing loop
[0.830s] DEBUG:colcon.colcon_parallel_executor.executor.parallel:loop closed
[0.830s] DEBUG:colcon.colcon_parallel_executor.executor.parallel:run_until_complete finished with '0'
[0.830s] DEBUG:colcon.colcon_core.event_reactor:joining thread
[0.833s] INFO:colcon.colcon_core.plugin_system:Skipping extension 'colcon_notification.desktop_notification.terminal_notifier': Not used on non-Darwin systems
[0.833s] INFO:colcon.colcon_core.plugin_system:Skipping extension 'colcon_notification.desktop_notification.win32': Not used on non-Windows systems
[0.833s] INFO:colcon.colcon_notification.desktop_notification:Sending desktop notification using 'notify2'
[0.838s] DEBUG:colcon.colcon_core.event_reactor:joined thread
[0.838s] INFO:colcon.colcon_core.shell:Creating prefix script '/ros_ws/install/local_setup.ps1'
[0.839s] INFO:colcon.colcon_core.shell:Creating prefix util module '/ros_ws/install/_local_setup_util_ps1.py'
[0.839s] INFO:colcon.colcon_core.shell:Creating prefix chain script '/ros_ws/install/setup.ps1'
[0.840s] INFO:colcon.colcon_core.shell:Creating prefix script '/ros_ws/install/local_setup.sh'
[0.840s] INFO:colcon.colcon_core.shell:Creating prefix util module '/ros_ws/install/_local_setup_util_sh.py'
[0.840s] INFO:colcon.colcon_core.shell:Creating prefix chain script '/ros_ws/install/setup.sh'
[0.841s] INFO:colcon.colcon_core.shell:Creating prefix script '/ros_ws/install/local_setup.bash'
[0.841s] INFO:colcon.colcon_core.shell:Creating prefix chain script '/ros_ws/install/setup.bash'
[0.842s] INFO:colcon.colcon_core.shell:Creating prefix script '/ros_ws/install/local_setup.zsh'
[0.842s] INFO:colcon.colcon_core.shell:Creating prefix chain script '/ros_ws/install/setup.zsh'
