running egg_info
creating ../../build/robot_control/robot_control.egg-info
writing ../../build/robot_control/robot_control.egg-info/PKG-INFO
writing dependency_links to ../../build/robot_control/robot_control.egg-info/dependency_links.txt
writing entry points to ../../build/robot_control/robot_control.egg-info/entry_points.txt
writing requirements to ../../build/robot_control/robot_control.egg-info/requires.txt
writing top-level names to ../../build/robot_control/robot_control.egg-info/top_level.txt
writing manifest file '../../build/robot_control/robot_control.egg-info/SOURCES.txt'
reading manifest file '../../build/robot_control/robot_control.egg-info/SOURCES.txt'
writing manifest file '../../build/robot_control/robot_control.egg-info/SOURCES.txt'
running build
running build_py
creating /ros_ws/build/robot_control/build
creating /ros_ws/build/robot_control/build/lib
creating /ros_ws/build/robot_control/build/lib/robot_control
copying robot_control/__init__.py -> /ros_ws/build/robot_control/build/lib/robot_control
copying robot_control/control_node.py -> /ros_ws/build/robot_control/build/lib/robot_control
running install
running install_lib
creating /ros_ws/install/robot_control/lib/python3.10/site-packages/robot_control
copying /ros_ws/build/robot_control/build/lib/robot_control/__init__.py -> /ros_ws/install/robot_control/lib/python3.10/site-packages/robot_control
copying /ros_ws/build/robot_control/build/lib/robot_control/control_node.py -> /ros_ws/install/robot_control/lib/python3.10/site-packages/robot_control
byte-compiling /ros_ws/install/robot_control/lib/python3.10/site-packages/robot_control/__init__.py to __init__.cpython-310.pyc
byte-compiling /ros_ws/install/robot_control/lib/python3.10/site-packages/robot_control/control_node.py to control_node.cpython-310.pyc
running install_data
creating /ros_ws/install/robot_control/share/ament_index
creating /ros_ws/install/robot_control/share/ament_index/resource_index
creating /ros_ws/install/robot_control/share/ament_index/resource_index/packages
copying resource/robot_control -> /ros_ws/install/robot_control/share/ament_index/resource_index/packages
copying package.xml -> /ros_ws/install/robot_control/share/robot_control
running install_egg_info
Copying ../../build/robot_control/robot_control.egg-info to /ros_ws/install/robot_control/lib/python3.10/site-packages/robot_control-0.0.0-py3.10.egg-info
running install_scripts
Installing control script to /ros_ws/install/robot_control/lib/robot_control
writing list of installed files to '/ros_ws/build/robot_control/install.log'
