[0.382s] Invoking command in '/ros_ws/src/robot_control': PYTHONPATH=/ros_ws/build/robot_control/prefix_override:/usr/lib/python3/dist-packages/colcon_core/task/python/colcon_distutils_commands:/ros_ws/install/robot_control/lib/python3.10/site-packages:${PYTHONPATH} /usr/bin/python3 -W ignore:setup.py install is deprecated setup.py egg_info --egg-base ../../build/robot_control build --build-base /ros_ws/build/robot_control/build install --record /ros_ws/build/robot_control/install.log --single-version-externally-managed install_data
[0.523s] running egg_info
[0.523s] creating ../../build/robot_control/robot_control.egg-info
[0.523s] writing ../../build/robot_control/robot_control.egg-info/PKG-INFO
[0.524s] writing dependency_links to ../../build/robot_control/robot_control.egg-info/dependency_links.txt
[0.524s] writing entry points to ../../build/robot_control/robot_control.egg-info/entry_points.txt
[0.524s] writing requirements to ../../build/robot_control/robot_control.egg-info/requires.txt
[0.524s] writing top-level names to ../../build/robot_control/robot_control.egg-info/top_level.txt
[0.524s] writing manifest file '../../build/robot_control/robot_control.egg-info/SOURCES.txt'
[0.525s] reading manifest file '../../build/robot_control/robot_control.egg-info/SOURCES.txt'
[0.525s] writing manifest file '../../build/robot_control/robot_control.egg-info/SOURCES.txt'
[0.525s] running build
[0.525s] running build_py
[0.526s] creating /ros_ws/build/robot_control/build
[0.526s] creating /ros_ws/build/robot_control/build/lib
[0.526s] creating /ros_ws/build/robot_control/build/lib/robot_control
[0.526s] copying robot_control/__init__.py -> /ros_ws/build/robot_control/build/lib/robot_control
[0.526s] copying robot_control/control_node.py -> /ros_ws/build/robot_control/build/lib/robot_control
[0.526s] running install
[0.526s] running install_lib
[0.526s] creating /ros_ws/install/robot_control/lib/python3.10/site-packages/robot_control
[0.526s] copying /ros_ws/build/robot_control/build/lib/robot_control/__init__.py -> /ros_ws/install/robot_control/lib/python3.10/site-packages/robot_control
[0.526s] copying /ros_ws/build/robot_control/build/lib/robot_control/control_node.py -> /ros_ws/install/robot_control/lib/python3.10/site-packages/robot_control
[0.527s] byte-compiling /ros_ws/install/robot_control/lib/python3.10/site-packages/robot_control/__init__.py to __init__.cpython-310.pyc
[0.527s] byte-compiling /ros_ws/install/robot_control/lib/python3.10/site-packages/robot_control/control_node.py to control_node.cpython-310.pyc
[0.528s] running install_data
[0.528s] creating /ros_ws/install/robot_control/share/ament_index
[0.528s] creating /ros_ws/install/robot_control/share/ament_index/resource_index
[0.528s] creating /ros_ws/install/robot_control/share/ament_index/resource_index/packages
[0.528s] copying resource/robot_control -> /ros_ws/install/robot_control/share/ament_index/resource_index/packages
[0.528s] copying package.xml -> /ros_ws/install/robot_control/share/robot_control
[0.528s] running install_egg_info
[0.529s] Copying ../../build/robot_control/robot_control.egg-info to /ros_ws/install/robot_control/lib/python3.10/site-packages/robot_control-0.0.0-py3.10.egg-info
[0.529s] running install_scripts
[0.542s] Installing control script to /ros_ws/install/robot_control/lib/robot_control
[0.542s] writing list of installed files to '/ros_ws/build/robot_control/install.log'
[0.555s] Invoked command in '/ros_ws/src/robot_control' returned '0': PYTHONPATH=/ros_ws/build/robot_control/prefix_override:/usr/lib/python3/dist-packages/colcon_core/task/python/colcon_distutils_commands:/ros_ws/install/robot_control/lib/python3.10/site-packages:${PYTHONPATH} /usr/bin/python3 -W ignore:setup.py install is deprecated setup.py egg_info --egg-base ../../build/robot_control build --build-base /ros_ws/build/robot_control/build install --record /ros_ws/build/robot_control/install.log --single-version-externally-managed install_data
