[0.159s] Invoking command in '/ros_ws/build/robot_description': CMAKE_PREFIX_PATH=${CMAKE_PREFIX_PATH}:/ros_ws/install/robot_control:/opt/ros/humble /usr/bin/cmake /ros_ws/src/robot_description -DCMAKE_INSTALL_PREFIX=/ros_ws/install/robot_description
[0.192s] -- The C compiler identification is GNU 11.4.0
[0.227s] -- The CXX compiler identification is GNU 11.4.0
[0.232s] -- Detecting C compiler ABI info
[0.276s] -- Detecting C compiler ABI info - done
[0.280s] -- Check for working C compiler: /usr/bin/cc - skipped
[0.281s] -- Detecting C compile features
[0.281s] -- Detecting C compile features - done
[0.283s] -- Detecting CXX compiler ABI info
[0.331s] -- Detecting CXX compiler ABI info - done
[0.335s] -- Check for working CXX compiler: /usr/bin/c++ - skipped
[0.335s] -- Detecting CXX compile features
[0.335s] -- Detecting CXX compile features - done
[0.337s] -- Found ament_cmake: 1.3.9 (/opt/ros/humble/share/ament_cmake/cmake)
[0.437s] -- Found Python3: /usr/bin/python3 (found version "3.10.12") found components: Interpreter 
[0.501s] -- Found ament_lint_auto: 0.12.11 (/opt/ros/humble/share/ament_lint_auto/cmake)
[0.556s] -- Added test 'flake8' to check Python code syntax and style conventions
[0.557s] -- Added test 'lint_cmake' to check CMake code style
[0.557s] -- Added test 'pep257' to check Python code against some of the docstring style conventions in PEP 257
[0.558s] -- Added test 'xmllint' to check XML markup files
[0.558s] -- Configuring done
[0.561s] -- Generating done
[0.561s] -- Build files have been written to: /ros_ws/build/robot_description
[0.567s] Invoked command in '/ros_ws/build/robot_description' returned '0': CMAKE_PREFIX_PATH=${CMAKE_PREFIX_PATH}:/ros_ws/install/robot_control:/opt/ros/humble /usr/bin/cmake /ros_ws/src/robot_description -DCMAKE_INSTALL_PREFIX=/ros_ws/install/robot_description
[0.567s] Invoking command in '/ros_ws/build/robot_description': CMAKE_PREFIX_PATH=${CMAKE_PREFIX_PATH}:/ros_ws/install/robot_control:/opt/ros/humble /usr/bin/cmake --build /ros_ws/build/robot_description -- -j20 -l20
[0.591s] Invoked command in '/ros_ws/build/robot_description' returned '0': CMAKE_PREFIX_PATH=${CMAKE_PREFIX_PATH}:/ros_ws/install/robot_control:/opt/ros/humble /usr/bin/cmake --build /ros_ws/build/robot_description -- -j20 -l20
[0.604s] Invoking command in '/ros_ws/build/robot_description': CMAKE_PREFIX_PATH=${CMAKE_PREFIX_PATH}:/ros_ws/install/robot_control:/opt/ros/humble /usr/bin/cmake --install /ros_ws/build/robot_description
[0.608s] -- Install configuration: ""
[0.608s] -- Installing: /ros_ws/install/robot_description/share/robot_description/description
[0.608s] -- Installing: /ros_ws/install/robot_description/share/robot_description/description/robot.urdf.xacro
[0.608s] -- Installing: /ros_ws/install/robot_description/share/robot_description/description/robot_core.xacro
[0.608s] -- Installing: /ros_ws/install/robot_description/share/robot_description/description/inertia_macros.xacro
[0.608s] -- Installing: /ros_ws/install/robot_description/share/robot_description/description/gazebo_plugin.xacro
[0.608s] -- Installing: /ros_ws/install/robot_description/share/robot_description/launch
[0.608s] -- Installing: /ros_ws/install/robot_description/share/robot_description/launch/sim.launch.py
[0.608s] -- Installing: /ros_ws/install/robot_description/share/robot_description/launch/display.launch.py
[0.608s] -- Installing: /ros_ws/install/robot_description/share/robot_description/rviz
[0.608s] -- Installing: /ros_ws/install/robot_description/share/robot_description/rviz/rviz.rviz
[0.608s] -- Installing: /ros_ws/install/robot_description/share/robot_description/config
[0.608s] -- Installing: /ros_ws/install/robot_description/share/robot_description/config/controller.yaml
[0.608s] -- Installing: /ros_ws/install/robot_description/share/ament_index/resource_index/package_run_dependencies/robot_description
[0.608s] -- Installing: /ros_ws/install/robot_description/share/ament_index/resource_index/parent_prefix_path/robot_description
[0.609s] -- Installing: /ros_ws/install/robot_description/share/robot_description/environment/ament_prefix_path.sh
[0.609s] -- Installing: /ros_ws/install/robot_description/share/robot_description/environment/ament_prefix_path.dsv
[0.609s] -- Installing: /ros_ws/install/robot_description/share/robot_description/environment/path.sh
[0.609s] -- Installing: /ros_ws/install/robot_description/share/robot_description/environment/path.dsv
[0.609s] -- Installing: /ros_ws/install/robot_description/share/robot_description/local_setup.bash
[0.609s] -- Installing: /ros_ws/install/robot_description/share/robot_description/local_setup.sh
[0.609s] -- Installing: /ros_ws/install/robot_description/share/robot_description/local_setup.zsh
[0.609s] -- Installing: /ros_ws/install/robot_description/share/robot_description/local_setup.dsv
[0.609s] -- Installing: /ros_ws/install/robot_description/share/robot_description/package.dsv
[0.609s] -- Installing: /ros_ws/install/robot_description/share/ament_index/resource_index/packages/robot_description
[0.609s] -- Installing: /ros_ws/install/robot_description/share/robot_description/cmake/robot_descriptionConfig.cmake
[0.609s] -- Installing: /ros_ws/install/robot_description/share/robot_description/cmake/robot_descriptionConfig-version.cmake
[0.609s] -- Installing: /ros_ws/install/robot_description/share/robot_description/package.xml
[0.610s] Invoked command in '/ros_ws/build/robot_description' returned '0': CMAKE_PREFIX_PATH=${CMAKE_PREFIX_PATH}:/ros_ws/install/robot_control:/opt/ros/humble /usr/bin/cmake --install /ros_ws/build/robot_description
