[0.009s] Invoking command in '/ros_ws/build/robot_description': CMAKE_PREFIX_PATH=${CMAKE_PREFIX_PATH}:/opt/ros/humble /usr/bin/cmake --build /ros_ws/build/robot_description -- -j20 -l20
[0.040s] Invoked command in '/ros_ws/build/robot_description' returned '0': CMAKE_PREFIX_PATH=${CMAKE_PREFIX_PATH}:/opt/ros/humble /usr/bin/cmake --build /ros_ws/build/robot_description -- -j20 -l20
[0.057s] Invoking command in '/ros_ws/build/robot_description': CMAKE_PREFIX_PATH=${CMAKE_PREFIX_PATH}:/opt/ros/humble /usr/bin/cmake --install /ros_ws/build/robot_description
[0.061s] -- Install configuration: ""
[0.061s] -- Up-to-date: /ros_ws/install/robot_description/share/robot_description/description
[0.061s] -- Up-to-date: /ros_ws/install/robot_description/share/robot_description/description/robot.urdf.xacro
[0.061s] -- Installing: /ros_ws/install/robot_description/share/robot_description/description/robot_core.xacro
[0.061s] -- Up-to-date: /ros_ws/install/robot_description/share/robot_description/launch
[0.061s] -- Installing: /ros_ws/install/robot_description/share/robot_description/launch/display.launch.py
[0.061s] -- Up-to-date: /ros_ws/install/robot_description/share/ament_index/resource_index/package_run_dependencies/robot_description
[0.061s] -- Up-to-date: /ros_ws/install/robot_description/share/ament_index/resource_index/parent_prefix_path/robot_description
[0.061s] -- Up-to-date: /ros_ws/install/robot_description/share/robot_description/environment/ament_prefix_path.sh
[0.062s] -- Up-to-date: /ros_ws/install/robot_description/share/robot_description/environment/ament_prefix_path.dsv
[0.062s] -- Up-to-date: /ros_ws/install/robot_description/share/robot_description/environment/path.sh
[0.062s] -- Up-to-date: /ros_ws/install/robot_description/share/robot_description/environment/path.dsv
[0.062s] -- Up-to-date: /ros_ws/install/robot_description/share/robot_description/local_setup.bash
[0.062s] -- Up-to-date: /ros_ws/install/robot_description/share/robot_description/local_setup.sh
[0.062s] -- Up-to-date: /ros_ws/install/robot_description/share/robot_description/local_setup.zsh
[0.062s] -- Up-to-date: /ros_ws/install/robot_description/share/robot_description/local_setup.dsv
[0.062s] -- Installing: /ros_ws/install/robot_description/share/robot_description/package.dsv
[0.062s] -- Up-to-date: /ros_ws/install/robot_description/share/ament_index/resource_index/packages/robot_description
[0.062s] -- Up-to-date: /ros_ws/install/robot_description/share/robot_description/cmake/robot_descriptionConfig.cmake
[0.062s] -- Up-to-date: /ros_ws/install/robot_description/share/robot_description/cmake/robot_descriptionConfig-version.cmake
[0.062s] -- Up-to-date: /ros_ws/install/robot_description/share/robot_description/package.xml
[0.063s] Invoked command in '/ros_ws/build/robot_description' returned '0': CMAKE_PREFIX_PATH=${CMAKE_PREFIX_PATH}:/opt/ros/humble /usr/bin/cmake --install /ros_ws/build/robot_description
