[0.402s] Invoking command in '/ros_ws/src/robot_control': PYTHONPATH=/ros_ws/build/robot_control/prefix_override:/usr/lib/python3/dist-packages/colcon_core/task/python/colcon_distutils_commands:/ros_ws/install/robot_control/lib/python3.10/site-packages:${PYTHONPATH} /usr/bin/python3 -W ignore:setup.py install is deprecated setup.py egg_info --egg-base ../../build/robot_control build --build-base /ros_ws/build/robot_control/build install --record /ros_ws/build/robot_control/install.log --single-version-externally-managed install_data
[0.539s] running egg_info
[0.540s] writing ../../build/robot_control/robot_control.egg-info/PKG-INFO
[0.540s] writing dependency_links to ../../build/robot_control/robot_control.egg-info/dependency_links.txt
[0.540s] writing entry points to ../../build/robot_control/robot_control.egg-info/entry_points.txt
[0.540s] writing requirements to ../../build/robot_control/robot_control.egg-info/requires.txt
[0.540s] writing top-level names to ../../build/robot_control/robot_control.egg-info/top_level.txt
[0.541s] reading manifest file '../../build/robot_control/robot_control.egg-info/SOURCES.txt'
[0.541s] writing manifest file '../../build/robot_control/robot_control.egg-info/SOURCES.txt'
[0.541s] running build
[0.542s] running build_py
[0.542s] copying robot_control/teleop.py -> /ros_ws/build/robot_control/build/lib/robot_control
[0.542s] running install
[0.542s] running install_lib
[0.542s] copying /ros_ws/build/robot_control/build/lib/robot_control/teleop.py -> /ros_ws/install/robot_control/lib/python3.10/site-packages/robot_control
[0.543s] byte-compiling /ros_ws/install/robot_control/lib/python3.10/site-packages/robot_control/teleop.py to teleop.cpython-310.pyc
[0.543s] running install_data
[0.543s] running install_egg_info
[0.544s] removing '/ros_ws/install/robot_control/lib/python3.10/site-packages/robot_control-0.0.0-py3.10.egg-info' (and everything under it)
[0.544s] Copying ../../build/robot_control/robot_control.egg-info to /ros_ws/install/robot_control/lib/python3.10/site-packages/robot_control-0.0.0-py3.10.egg-info
[0.544s] running install_scripts
[0.558s] Installing teleop script to /ros_ws/install/robot_control/lib/robot_control
[0.558s] writing list of installed files to '/ros_ws/build/robot_control/install.log'
[0.571s] Invoked command in '/ros_ws/src/robot_control' returned '0': PYTHONPATH=/ros_ws/build/robot_control/prefix_override:/usr/lib/python3/dist-packages/colcon_core/task/python/colcon_distutils_commands:/ros_ws/install/robot_control/lib/python3.10/site-packages:${PYTHONPATH} /usr/bin/python3 -W ignore:setup.py install is deprecated setup.py egg_info --egg-base ../../build/robot_control build --build-base /ros_ws/build/robot_control/build install --record /ros_ws/build/robot_control/install.log --single-version-externally-managed install_data
